2017-06-09 01:03:34,679 DEBUG    root            Loaded Command Group: ['gcloud', 'components']
2017-06-09 01:03:34,681 DEBUG    root            Loaded Command Group: ['gcloud', 'components', 'update']
2017-06-09 01:03:34,683 DEBUG    root            Running [gcloud.components.update] with arguments: [COMPONENT-IDS:12: "['alpha', 'app-engine-go', 'app-engine-java', 'app-engine-python', 'app-engine-php', 'beta', 'cloud-datastore-emulator', 'datalab', 'docker-credential-gcr', 'gcd-emulator', 'kubectl', 'pubsub-emulator']"]
2017-06-09 01:03:34,894 INFO     ___FILE_ONLY___ 

2017-06-09 01:03:34,895 INFO     ___FILE_ONLY___ 
Your current Cloud SDK version is: 158.0.0

2017-06-09 01:03:34,895 INFO     ___FILE_ONLY___ Installing components from version: 158.0.0

2017-06-09 01:03:34,895 INFO     ___FILE_ONLY___ 

2017-06-09 01:03:34,908 INFO     ___FILE_ONLY___ +----------------------------------------------------------------------------------+
2017-06-09 01:03:34,908 INFO     ___FILE_ONLY___ 

2017-06-09 01:03:34,908 INFO     ___FILE_ONLY___ |                       These components will be installed.                        |
2017-06-09 01:03:34,909 INFO     ___FILE_ONLY___ 

2017-06-09 01:03:34,909 INFO     ___FILE_ONLY___ +------------------------------------------------------+---------------+-----------+
2017-06-09 01:03:34,909 INFO     ___FILE_ONLY___ 

2017-06-09 01:03:34,909 INFO     ___FILE_ONLY___ |                         Name                         |    Version    |    Size   |
2017-06-09 01:03:34,909 INFO     ___FILE_ONLY___ 

2017-06-09 01:03:34,909 INFO     ___FILE_ONLY___ +------------------------------------------------------+---------------+-----------+
2017-06-09 01:03:34,909 INFO     ___FILE_ONLY___ 

2017-06-09 01:03:34,909 INFO     ___FILE_ONLY___ | 
2017-06-09 01:03:34,909 INFO     ___FILE_ONLY___ App Engine Go (Linux, x86_64)                       
2017-06-09 01:03:34,909 INFO     ___FILE_ONLY___  
2017-06-09 01:03:34,910 INFO     ___FILE_ONLY___ | 
2017-06-09 01:03:34,910 INFO     ___FILE_ONLY___        1.9.54
2017-06-09 01:03:34,910 INFO     ___FILE_ONLY___  
2017-06-09 01:03:34,910 INFO     ___FILE_ONLY___ | 
2017-06-09 01:03:34,910 INFO     ___FILE_ONLY___  97.0 MiB
2017-06-09 01:03:34,910 INFO     ___FILE_ONLY___  
2017-06-09 01:03:34,910 INFO     ___FILE_ONLY___ |
2017-06-09 01:03:34,910 INFO     ___FILE_ONLY___ 

2017-06-09 01:03:34,910 INFO     ___FILE_ONLY___ | 
2017-06-09 01:03:34,910 INFO     ___FILE_ONLY___ App Engine Go Extensions                            
2017-06-09 01:03:34,911 INFO     ___FILE_ONLY___  
2017-06-09 01:03:34,911 INFO     ___FILE_ONLY___ | 
2017-06-09 01:03:34,911 INFO     ___FILE_ONLY___              
2017-06-09 01:03:34,911 INFO     ___FILE_ONLY___  
2017-06-09 01:03:34,911 INFO     ___FILE_ONLY___ | 
2017-06-09 01:03:34,911 INFO     ___FILE_ONLY___          
2017-06-09 01:03:34,911 INFO     ___FILE_ONLY___  
2017-06-09 01:03:34,911 INFO     ___FILE_ONLY___ |
2017-06-09 01:03:34,911 INFO     ___FILE_ONLY___ 

2017-06-09 01:03:34,911 INFO     ___FILE_ONLY___ | 
2017-06-09 01:03:34,911 INFO     ___FILE_ONLY___ Cloud Datalab Command Line Tool                     
2017-06-09 01:03:34,912 INFO     ___FILE_ONLY___  
2017-06-09 01:03:34,912 INFO     ___FILE_ONLY___ | 
2017-06-09 01:03:34,912 INFO     ___FILE_ONLY___      20170525
2017-06-09 01:03:34,912 INFO     ___FILE_ONLY___  
2017-06-09 01:03:34,912 INFO     ___FILE_ONLY___ | 
2017-06-09 01:03:34,912 INFO     ___FILE_ONLY___   < 1 MiB
2017-06-09 01:03:34,912 INFO     ___FILE_ONLY___  
2017-06-09 01:03:34,912 INFO     ___FILE_ONLY___ |
2017-06-09 01:03:34,912 INFO     ___FILE_ONLY___ 

2017-06-09 01:03:34,912 INFO     ___FILE_ONLY___ | 
2017-06-09 01:03:34,912 INFO     ___FILE_ONLY___ Cloud Datalab Command Line Tool (Platform Specific) 
2017-06-09 01:03:34,913 INFO     ___FILE_ONLY___  
2017-06-09 01:03:34,913 INFO     ___FILE_ONLY___ | 
2017-06-09 01:03:34,913 INFO     ___FILE_ONLY___      20170525
2017-06-09 01:03:34,913 INFO     ___FILE_ONLY___  
2017-06-09 01:03:34,913 INFO     ___FILE_ONLY___ | 
2017-06-09 01:03:34,913 INFO     ___FILE_ONLY___   < 1 MiB
2017-06-09 01:03:34,913 INFO     ___FILE_ONLY___  
2017-06-09 01:03:34,913 INFO     ___FILE_ONLY___ |
2017-06-09 01:03:34,913 INFO     ___FILE_ONLY___ 

2017-06-09 01:03:34,913 INFO     ___FILE_ONLY___ | 
2017-06-09 01:03:34,913 INFO     ___FILE_ONLY___ Cloud Datastore Emulator                            
2017-06-09 01:03:34,913 INFO     ___FILE_ONLY___  
2017-06-09 01:03:34,914 INFO     ___FILE_ONLY___ | 
2017-06-09 01:03:34,914 INFO     ___FILE_ONLY___         1.2.1
2017-06-09 01:03:34,914 INFO     ___FILE_ONLY___  
2017-06-09 01:03:34,914 INFO     ___FILE_ONLY___ | 
2017-06-09 01:03:34,914 INFO     ___FILE_ONLY___  15.4 MiB
2017-06-09 01:03:34,914 INFO     ___FILE_ONLY___  
2017-06-09 01:03:34,914 INFO     ___FILE_ONLY___ |
2017-06-09 01:03:34,914 INFO     ___FILE_ONLY___ 

2017-06-09 01:03:34,914 INFO     ___FILE_ONLY___ | 
2017-06-09 01:03:34,914 INFO     ___FILE_ONLY___ Cloud Datastore Emulator (Legacy)                   
2017-06-09 01:03:34,914 INFO     ___FILE_ONLY___  
2017-06-09 01:03:34,914 INFO     ___FILE_ONLY___ | 
2017-06-09 01:03:34,915 INFO     ___FILE_ONLY___ v1beta3-1.0.0
2017-06-09 01:03:34,915 INFO     ___FILE_ONLY___  
2017-06-09 01:03:34,915 INFO     ___FILE_ONLY___ | 
2017-06-09 01:03:34,915 INFO     ___FILE_ONLY___  38.1 MiB
2017-06-09 01:03:34,915 INFO     ___FILE_ONLY___  
2017-06-09 01:03:34,915 INFO     ___FILE_ONLY___ |
2017-06-09 01:03:34,915 INFO     ___FILE_ONLY___ 

2017-06-09 01:03:34,915 INFO     ___FILE_ONLY___ | 
2017-06-09 01:03:34,915 INFO     ___FILE_ONLY___ Cloud Pub/Sub Emulator                              
2017-06-09 01:03:34,915 INFO     ___FILE_ONLY___  
2017-06-09 01:03:34,915 INFO     ___FILE_ONLY___ | 
2017-06-09 01:03:34,916 INFO     ___FILE_ONLY___    2017.03.24
2017-06-09 01:03:34,916 INFO     ___FILE_ONLY___  
2017-06-09 01:03:34,916 INFO     ___FILE_ONLY___ | 
2017-06-09 01:03:34,916 INFO     ___FILE_ONLY___  21.0 MiB
2017-06-09 01:03:34,916 INFO     ___FILE_ONLY___  
2017-06-09 01:03:34,916 INFO     ___FILE_ONLY___ |
2017-06-09 01:03:34,916 INFO     ___FILE_ONLY___ 

2017-06-09 01:03:34,916 INFO     ___FILE_ONLY___ | 
2017-06-09 01:03:34,916 INFO     ___FILE_ONLY___ Google Container Registry's Docker credential helper
2017-06-09 01:03:34,916 INFO     ___FILE_ONLY___  
2017-06-09 01:03:34,916 INFO     ___FILE_ONLY___ | 
2017-06-09 01:03:34,916 INFO     ___FILE_ONLY___              
2017-06-09 01:03:34,917 INFO     ___FILE_ONLY___  
2017-06-09 01:03:34,917 INFO     ___FILE_ONLY___ | 
2017-06-09 01:03:34,917 INFO     ___FILE_ONLY___          
2017-06-09 01:03:34,917 INFO     ___FILE_ONLY___  
2017-06-09 01:03:34,917 INFO     ___FILE_ONLY___ |
2017-06-09 01:03:34,917 INFO     ___FILE_ONLY___ 

2017-06-09 01:03:34,917 INFO     ___FILE_ONLY___ | 
2017-06-09 01:03:34,917 INFO     ___FILE_ONLY___ docker-credential-gcr (Linux, x86_64)               
2017-06-09 01:03:34,917 INFO     ___FILE_ONLY___  
2017-06-09 01:03:34,917 INFO     ___FILE_ONLY___ | 
2017-06-09 01:03:34,917 INFO     ___FILE_ONLY___         1.4.0
2017-06-09 01:03:34,918 INFO     ___FILE_ONLY___  
2017-06-09 01:03:34,918 INFO     ___FILE_ONLY___ | 
2017-06-09 01:03:34,918 INFO     ___FILE_ONLY___   2.3 MiB
2017-06-09 01:03:34,918 INFO     ___FILE_ONLY___  
2017-06-09 01:03:34,918 INFO     ___FILE_ONLY___ |
2017-06-09 01:03:34,918 INFO     ___FILE_ONLY___ 

2017-06-09 01:03:34,918 INFO     ___FILE_ONLY___ | 
2017-06-09 01:03:34,918 INFO     ___FILE_ONLY___ gcloud Alpha Commands                               
2017-06-09 01:03:34,918 INFO     ___FILE_ONLY___  
2017-06-09 01:03:34,918 INFO     ___FILE_ONLY___ | 
2017-06-09 01:03:34,918 INFO     ___FILE_ONLY___    2017.03.24
2017-06-09 01:03:34,918 INFO     ___FILE_ONLY___  
2017-06-09 01:03:34,919 INFO     ___FILE_ONLY___ | 
2017-06-09 01:03:34,919 INFO     ___FILE_ONLY___   < 1 MiB
2017-06-09 01:03:34,919 INFO     ___FILE_ONLY___  
2017-06-09 01:03:34,919 INFO     ___FILE_ONLY___ |
2017-06-09 01:03:34,919 INFO     ___FILE_ONLY___ 

2017-06-09 01:03:34,919 INFO     ___FILE_ONLY___ | 
2017-06-09 01:03:34,919 INFO     ___FILE_ONLY___ gcloud Beta Commands                                
2017-06-09 01:03:34,919 INFO     ___FILE_ONLY___  
2017-06-09 01:03:34,919 INFO     ___FILE_ONLY___ | 
2017-06-09 01:03:34,919 INFO     ___FILE_ONLY___    2017.03.24
2017-06-09 01:03:34,919 INFO     ___FILE_ONLY___  
2017-06-09 01:03:34,920 INFO     ___FILE_ONLY___ | 
2017-06-09 01:03:34,920 INFO     ___FILE_ONLY___   < 1 MiB
2017-06-09 01:03:34,920 INFO     ___FILE_ONLY___  
2017-06-09 01:03:34,920 INFO     ___FILE_ONLY___ |
2017-06-09 01:03:34,920 INFO     ___FILE_ONLY___ 

2017-06-09 01:03:34,920 INFO     ___FILE_ONLY___ | 
2017-06-09 01:03:34,920 INFO     ___FILE_ONLY___ gcloud app Java Extensions                          
2017-06-09 01:03:34,920 INFO     ___FILE_ONLY___  
2017-06-09 01:03:34,920 INFO     ___FILE_ONLY___ | 
2017-06-09 01:03:34,920 INFO     ___FILE_ONLY___        1.9.53
2017-06-09 01:03:34,920 INFO     ___FILE_ONLY___  
2017-06-09 01:03:34,921 INFO     ___FILE_ONLY___ | 
2017-06-09 01:03:34,921 INFO     ___FILE_ONLY___ 132.2 MiB
2017-06-09 01:03:34,921 INFO     ___FILE_ONLY___  
2017-06-09 01:03:34,921 INFO     ___FILE_ONLY___ |
2017-06-09 01:03:34,921 INFO     ___FILE_ONLY___ 

2017-06-09 01:03:34,921 INFO     ___FILE_ONLY___ | 
2017-06-09 01:03:34,921 INFO     ___FILE_ONLY___ gcloud app PHP Extensions                           
2017-06-09 01:03:34,921 INFO     ___FILE_ONLY___  
2017-06-09 01:03:34,921 INFO     ___FILE_ONLY___ | 
2017-06-09 01:03:34,921 INFO     ___FILE_ONLY___              
2017-06-09 01:03:34,921 INFO     ___FILE_ONLY___  
2017-06-09 01:03:34,922 INFO     ___FILE_ONLY___ | 
2017-06-09 01:03:34,922 INFO     ___FILE_ONLY___          
2017-06-09 01:03:34,922 INFO     ___FILE_ONLY___  
2017-06-09 01:03:34,922 INFO     ___FILE_ONLY___ |
2017-06-09 01:03:34,922 INFO     ___FILE_ONLY___ 

2017-06-09 01:03:34,922 INFO     ___FILE_ONLY___ | 
2017-06-09 01:03:34,922 INFO     ___FILE_ONLY___ gcloud app Python Extensions                        
2017-06-09 01:03:34,922 INFO     ___FILE_ONLY___  
2017-06-09 01:03:34,922 INFO     ___FILE_ONLY___ | 
2017-06-09 01:03:34,922 INFO     ___FILE_ONLY___        1.9.54
2017-06-09 01:03:34,922 INFO     ___FILE_ONLY___  
2017-06-09 01:03:34,923 INFO     ___FILE_ONLY___ | 
2017-06-09 01:03:34,923 INFO     ___FILE_ONLY___   6.4 MiB
2017-06-09 01:03:34,923 INFO     ___FILE_ONLY___  
2017-06-09 01:03:34,923 INFO     ___FILE_ONLY___ |
2017-06-09 01:03:34,923 INFO     ___FILE_ONLY___ 

2017-06-09 01:03:34,923 INFO     ___FILE_ONLY___ | 
2017-06-09 01:03:34,923 INFO     ___FILE_ONLY___ kubectl                                             
2017-06-09 01:03:34,923 INFO     ___FILE_ONLY___  
2017-06-09 01:03:34,923 INFO     ___FILE_ONLY___ | 
2017-06-09 01:03:34,923 INFO     ___FILE_ONLY___              
2017-06-09 01:03:34,923 INFO     ___FILE_ONLY___  
2017-06-09 01:03:34,924 INFO     ___FILE_ONLY___ | 
2017-06-09 01:03:34,924 INFO     ___FILE_ONLY___          
2017-06-09 01:03:34,924 INFO     ___FILE_ONLY___  
2017-06-09 01:03:34,924 INFO     ___FILE_ONLY___ |
2017-06-09 01:03:34,924 INFO     ___FILE_ONLY___ 

2017-06-09 01:03:34,924 INFO     ___FILE_ONLY___ | 
2017-06-09 01:03:34,924 INFO     ___FILE_ONLY___ kubectl (Linux, x86_64)                             
2017-06-09 01:03:34,924 INFO     ___FILE_ONLY___  
2017-06-09 01:03:34,924 INFO     ___FILE_ONLY___ | 
2017-06-09 01:03:34,924 INFO     ___FILE_ONLY___         1.6.4
2017-06-09 01:03:34,924 INFO     ___FILE_ONLY___  
2017-06-09 01:03:34,924 INFO     ___FILE_ONLY___ | 
2017-06-09 01:03:34,925 INFO     ___FILE_ONLY___  14.9 MiB
2017-06-09 01:03:34,925 INFO     ___FILE_ONLY___  
2017-06-09 01:03:34,925 INFO     ___FILE_ONLY___ |
2017-06-09 01:03:34,925 INFO     ___FILE_ONLY___ 

2017-06-09 01:03:34,925 INFO     ___FILE_ONLY___ +------------------------------------------------------+---------------+-----------+
2017-06-09 01:03:34,925 INFO     ___FILE_ONLY___ 

2017-06-09 01:03:34,925 INFO     ___FILE_ONLY___ 

2017-06-09 01:03:35,033 INFO     ___FILE_ONLY___ For the latest full release notes, please visit:
  https://cloud.google.com/sdk/release_notes


2017-06-09 01:03:35,038 INFO     ___FILE_ONLY___ #============================================================#

2017-06-09 01:03:35,038 INFO     ___FILE_ONLY___ #= Creating update staging area                             =#

2017-06-09 01:03:35,038 INFO     ___FILE_ONLY___ #
2017-06-09 01:03:35,038 INFO     ___FILE_ONLY___ ======
2017-06-09 01:03:35,241 INFO     ___FILE_ONLY___ ======
2017-06-09 01:03:35,242 INFO     ___FILE_ONLY___ ======
2017-06-09 01:03:35,278 INFO     ___FILE_ONLY___ =
2017-06-09 01:03:35,312 INFO     ___FILE_ONLY___ =
2017-06-09 01:03:35,346 INFO     ___FILE_ONLY___ =
2017-06-09 01:03:35,383 INFO     ___FILE_ONLY___ =
2017-06-09 01:03:35,437 INFO     ___FILE_ONLY___ =
2017-06-09 01:03:35,481 INFO     ___FILE_ONLY___ =
2017-06-09 01:03:35,511 INFO     ___FILE_ONLY___ =
2017-06-09 01:03:35,544 INFO     ___FILE_ONLY___ =
2017-06-09 01:03:35,585 INFO     ___FILE_ONLY___ =
2017-06-09 01:03:35,619 INFO     ___FILE_ONLY___ =
2017-06-09 01:03:35,672 INFO     ___FILE_ONLY___ =
2017-06-09 01:03:35,723 INFO     ___FILE_ONLY___ =
2017-06-09 01:03:35,779 INFO     ___FILE_ONLY___ =
2017-06-09 01:03:35,839 INFO     ___FILE_ONLY___ =
2017-06-09 01:03:35,904 INFO     ___FILE_ONLY___ =
2017-06-09 01:03:35,941 INFO     ___FILE_ONLY___ =
2017-06-09 01:03:35,981 INFO     ___FILE_ONLY___ =
2017-06-09 01:03:36,021 INFO     ___FILE_ONLY___ =
2017-06-09 01:03:36,044 INFO     ___FILE_ONLY___ =
2017-06-09 01:03:36,063 INFO     ___FILE_ONLY___ =
2017-06-09 01:03:36,083 INFO     ___FILE_ONLY___ =
2017-06-09 01:03:36,145 INFO     ___FILE_ONLY___ =
2017-06-09 01:03:36,181 INFO     ___FILE_ONLY___ =
2017-06-09 01:03:36,220 INFO     ___FILE_ONLY___ =
2017-06-09 01:03:36,251 INFO     ___FILE_ONLY___ =
2017-06-09 01:03:36,280 INFO     ___FILE_ONLY___ =
2017-06-09 01:03:36,315 INFO     ___FILE_ONLY___ =
2017-06-09 01:03:36,346 INFO     ___FILE_ONLY___ =
2017-06-09 01:03:36,360 INFO     ___FILE_ONLY___ =
2017-06-09 01:03:36,390 INFO     ___FILE_ONLY___ =
2017-06-09 01:03:36,473 INFO     ___FILE_ONLY___ =
2017-06-09 01:03:36,510 INFO     ___FILE_ONLY___ =
2017-06-09 01:03:36,558 INFO     ___FILE_ONLY___ =
2017-06-09 01:03:36,601 INFO     ___FILE_ONLY___ =
2017-06-09 01:03:36,644 INFO     ___FILE_ONLY___ =
2017-06-09 01:03:36,696 INFO     ___FILE_ONLY___ =
2017-06-09 01:03:36,736 INFO     ___FILE_ONLY___ =
2017-06-09 01:03:36,761 INFO     ___FILE_ONLY___ =
2017-06-09 01:03:36,797 INFO     ___FILE_ONLY___ =
2017-06-09 01:03:36,828 INFO     ___FILE_ONLY___ =
2017-06-09 01:03:36,863 INFO     ___FILE_ONLY___ =
2017-06-09 01:03:36,889 INFO     ___FILE_ONLY___ =
2017-06-09 01:03:36,889 INFO     ___FILE_ONLY___ #

2017-06-09 01:03:36,898 INFO     ___FILE_ONLY___ #= Installing: App Engine Go (Linux, x86_64)                =#

2017-06-09 01:03:36,899 INFO     ___FILE_ONLY___ #
2017-06-09 01:03:37,225 INFO     ___FILE_ONLY___ =
2017-06-09 01:03:37,319 INFO     ___FILE_ONLY___ =
2017-06-09 01:03:37,393 INFO     ___FILE_ONLY___ =
2017-06-09 01:03:37,511 INFO     ___FILE_ONLY___ =
2017-06-09 01:03:37,639 INFO     ___FILE_ONLY___ =
2017-06-09 01:03:37,704 INFO     ___FILE_ONLY___ =
2017-06-09 01:03:37,898 INFO     ___FILE_ONLY___ =
2017-06-09 01:03:38,029 INFO     ___FILE_ONLY___ =
2017-06-09 01:03:38,210 INFO     ___FILE_ONLY___ =
2017-06-09 01:03:38,300 INFO     ___FILE_ONLY___ =
2017-06-09 01:03:38,432 INFO     ___FILE_ONLY___ =
2017-06-09 01:03:38,690 INFO     ___FILE_ONLY___ =
2017-06-09 01:03:38,874 INFO     ___FILE_ONLY___ =
2017-06-09 01:03:39,000 INFO     ___FILE_ONLY___ =
2017-06-09 01:03:39,233 INFO     ___FILE_ONLY___ =
2017-06-09 01:03:39,305 INFO     ___FILE_ONLY___ =
2017-06-09 01:03:39,405 INFO     ___FILE_ONLY___ =
2017-06-09 01:03:39,593 INFO     ___FILE_ONLY___ =
2017-06-09 01:03:39,684 INFO     ___FILE_ONLY___ =
2017-06-09 01:03:39,798 INFO     ___FILE_ONLY___ =
2017-06-09 01:03:39,851 INFO     ___FILE_ONLY___ =
2017-06-09 01:03:39,913 INFO     ___FILE_ONLY___ =
2017-06-09 01:03:40,037 INFO     ___FILE_ONLY___ =
2017-06-09 01:03:40,092 INFO     ___FILE_ONLY___ =
2017-06-09 01:03:40,203 INFO     ___FILE_ONLY___ =
2017-06-09 01:03:40,270 INFO     ___FILE_ONLY___ =
2017-06-09 01:03:40,326 INFO     ___FILE_ONLY___ =
2017-06-09 01:03:40,437 INFO     ___FILE_ONLY___ =
2017-06-09 01:03:40,497 INFO     ___FILE_ONLY___ =
2017-06-09 01:03:40,637 INFO     ___FILE_ONLY___ =
2017-06-09 01:03:43,942 INFO     ___FILE_ONLY___ =
2017-06-09 01:03:43,999 INFO     ___FILE_ONLY___ =
2017-06-09 01:03:44,068 INFO     ___FILE_ONLY___ =
2017-06-09 01:03:44,130 INFO     ___FILE_ONLY___ =
2017-06-09 01:03:44,192 INFO     ___FILE_ONLY___ =
2017-06-09 01:03:44,248 INFO     ___FILE_ONLY___ =
2017-06-09 01:03:44,308 INFO     ___FILE_ONLY___ =
2017-06-09 01:03:44,378 INFO     ___FILE_ONLY___ =
2017-06-09 01:03:44,448 INFO     ___FILE_ONLY___ =
2017-06-09 01:03:44,518 INFO     ___FILE_ONLY___ =
2017-06-09 01:03:44,580 INFO     ___FILE_ONLY___ =
2017-06-09 01:03:44,647 INFO     ___FILE_ONLY___ =
2017-06-09 01:03:44,717 INFO     ___FILE_ONLY___ =
2017-06-09 01:03:45,331 INFO     ___FILE_ONLY___ =
2017-06-09 01:03:46,007 INFO     ___FILE_ONLY___ =
2017-06-09 01:03:46,081 INFO     ___FILE_ONLY___ =
2017-06-09 01:03:46,138 INFO     ___FILE_ONLY___ =
2017-06-09 01:03:46,206 INFO     ___FILE_ONLY___ =
2017-06-09 01:03:46,270 INFO     ___FILE_ONLY___ =
2017-06-09 01:03:46,333 INFO     ___FILE_ONLY___ =
2017-06-09 01:03:46,390 INFO     ___FILE_ONLY___ =
2017-06-09 01:03:46,452 INFO     ___FILE_ONLY___ =
2017-06-09 01:03:46,517 INFO     ___FILE_ONLY___ =
2017-06-09 01:03:46,587 INFO     ___FILE_ONLY___ =
2017-06-09 01:03:46,659 INFO     ___FILE_ONLY___ =
2017-06-09 01:03:46,715 INFO     ___FILE_ONLY___ =
2017-06-09 01:03:46,785 INFO     ___FILE_ONLY___ =
2017-06-09 01:03:46,852 INFO     ___FILE_ONLY___ =
2017-06-09 01:03:47,561 INFO     ___FILE_ONLY___ =
2017-06-09 01:03:48,164 INFO     ___FILE_ONLY___ =
2017-06-09 01:03:48,164 INFO     ___FILE_ONLY___ #

2017-06-09 01:03:48,197 INFO     ___FILE_ONLY___ #= Installing: App Engine Go Extensions                     =#

2017-06-09 01:03:48,197 INFO     ___FILE_ONLY___ #
2017-06-09 01:03:48,205 INFO     ___FILE_ONLY___ ============================================================
2017-06-09 01:03:48,205 INFO     ___FILE_ONLY___ #

2017-06-09 01:03:48,209 INFO     ___FILE_ONLY___ #= Installing: Cloud Datalab Command Line Tool              =#

2017-06-09 01:03:48,209 INFO     ___FILE_ONLY___ #
2017-06-09 01:03:48,290 INFO     ___FILE_ONLY___ ==============================
2017-06-09 01:03:48,292 INFO     ___FILE_ONLY___ ==
2017-06-09 01:03:48,292 INFO     ___FILE_ONLY___ ===
2017-06-09 01:03:48,293 INFO     ___FILE_ONLY___ ===
2017-06-09 01:03:48,293 INFO     ___FILE_ONLY___ ==
2017-06-09 01:03:48,293 INFO     ___FILE_ONLY___ ===
2017-06-09 01:03:48,294 INFO     ___FILE_ONLY___ ===
2017-06-09 01:03:48,294 INFO     ___FILE_ONLY___ ===
2017-06-09 01:03:48,295 INFO     ___FILE_ONLY___ ==
2017-06-09 01:03:48,295 INFO     ___FILE_ONLY___ ===
2017-06-09 01:03:48,296 INFO     ___FILE_ONLY___ ===
2017-06-09 01:03:48,297 INFO     ___FILE_ONLY___ ===
2017-06-09 01:03:48,297 INFO     ___FILE_ONLY___ #

2017-06-09 01:03:48,312 INFO     ___FILE_ONLY___ #= Installing: Cloud Datalab Command Line Tool (Platform... =#

2017-06-09 01:03:48,312 INFO     ___FILE_ONLY___ #
2017-06-09 01:03:48,386 INFO     ___FILE_ONLY___ ==============================
2017-06-09 01:03:48,387 INFO     ___FILE_ONLY___ ===============
2017-06-09 01:03:48,388 INFO     ___FILE_ONLY___ ===============
2017-06-09 01:03:48,388 INFO     ___FILE_ONLY___ #

2017-06-09 01:03:48,399 INFO     ___FILE_ONLY___ #= Installing: Cloud Datastore Emulator                     =#

2017-06-09 01:03:48,400 INFO     ___FILE_ONLY___ #
2017-06-09 01:03:48,576 INFO     ___FILE_ONLY___ =
2017-06-09 01:03:48,586 INFO     ___FILE_ONLY___ =
2017-06-09 01:03:48,591 INFO     ___FILE_ONLY___ =
2017-06-09 01:03:48,602 INFO     ___FILE_ONLY___ =
2017-06-09 01:03:48,605 INFO     ___FILE_ONLY___ =
2017-06-09 01:03:48,607 INFO     ___FILE_ONLY___ =
2017-06-09 01:03:48,611 INFO     ___FILE_ONLY___ =
2017-06-09 01:03:48,673 INFO     ___FILE_ONLY___ =
2017-06-09 01:03:48,676 INFO     ___FILE_ONLY___ =
2017-06-09 01:03:48,679 INFO     ___FILE_ONLY___ =
2017-06-09 01:03:48,682 INFO     ___FILE_ONLY___ =
2017-06-09 01:03:48,721 INFO     ___FILE_ONLY___ =
2017-06-09 01:03:48,723 INFO     ___FILE_ONLY___ =
2017-06-09 01:03:48,726 INFO     ___FILE_ONLY___ =
2017-06-09 01:03:48,729 INFO     ___FILE_ONLY___ =
2017-06-09 01:03:48,793 INFO     ___FILE_ONLY___ =
2017-06-09 01:03:48,796 INFO     ___FILE_ONLY___ =
2017-06-09 01:03:48,799 INFO     ___FILE_ONLY___ =
2017-06-09 01:03:48,801 INFO     ___FILE_ONLY___ =
2017-06-09 01:03:48,839 INFO     ___FILE_ONLY___ =
2017-06-09 01:03:48,842 INFO     ___FILE_ONLY___ =
2017-06-09 01:03:48,845 INFO     ___FILE_ONLY___ =
2017-06-09 01:03:48,848 INFO     ___FILE_ONLY___ =
2017-06-09 01:03:48,888 INFO     ___FILE_ONLY___ =
2017-06-09 01:03:48,890 INFO     ___FILE_ONLY___ =
2017-06-09 01:03:48,893 INFO     ___FILE_ONLY___ =
2017-06-09 01:03:48,896 INFO     ___FILE_ONLY___ =
2017-06-09 01:03:48,943 INFO     ___FILE_ONLY___ =
2017-06-09 01:03:48,946 INFO     ___FILE_ONLY___ =
2017-06-09 01:03:48,950 INFO     ___FILE_ONLY___ =
2017-06-09 01:03:49,126 INFO     ___FILE_ONLY___ ======
2017-06-09 01:03:49,127 INFO     ___FILE_ONLY___ ======
2017-06-09 01:03:49,127 INFO     ___FILE_ONLY___ ======
2017-06-09 01:03:49,127 INFO     ___FILE_ONLY___ ======
2017-06-09 01:03:49,273 INFO     ___FILE_ONLY___ ======
2017-06-09 01:03:49,273 INFO     ___FILE_ONLY___ #

2017-06-09 01:03:49,289 INFO     ___FILE_ONLY___ #= Installing: Cloud Datastore Emulator (Legacy)            =#

2017-06-09 01:03:49,289 INFO     ___FILE_ONLY___ #
2017-06-09 01:03:49,469 INFO     ___FILE_ONLY___ =
2017-06-09 01:03:49,495 INFO     ___FILE_ONLY___ =
2017-06-09 01:03:49,501 INFO     ___FILE_ONLY___ =
2017-06-09 01:03:49,617 INFO     ___FILE_ONLY___ =
2017-06-09 01:03:49,668 INFO     ___FILE_ONLY___ =
2017-06-09 01:03:49,673 INFO     ___FILE_ONLY___ =
2017-06-09 01:03:49,737 INFO     ___FILE_ONLY___ =
2017-06-09 01:03:49,790 INFO     ___FILE_ONLY___ =
2017-06-09 01:03:49,797 INFO     ___FILE_ONLY___ =
2017-06-09 01:03:49,850 INFO     ___FILE_ONLY___ =
2017-06-09 01:03:49,858 INFO     ___FILE_ONLY___ =
2017-06-09 01:03:49,906 INFO     ___FILE_ONLY___ =
2017-06-09 01:03:49,964 INFO     ___FILE_ONLY___ =
2017-06-09 01:03:49,971 INFO     ___FILE_ONLY___ =
2017-06-09 01:03:50,023 INFO     ___FILE_ONLY___ =
2017-06-09 01:03:50,070 INFO     ___FILE_ONLY___ =
2017-06-09 01:03:50,077 INFO     ___FILE_ONLY___ =
2017-06-09 01:03:50,130 INFO     ___FILE_ONLY___ =
2017-06-09 01:03:50,180 INFO     ___FILE_ONLY___ =
2017-06-09 01:03:50,187 INFO     ___FILE_ONLY___ =
2017-06-09 01:03:50,248 INFO     ___FILE_ONLY___ =
2017-06-09 01:03:50,256 INFO     ___FILE_ONLY___ =
2017-06-09 01:03:50,310 INFO     ___FILE_ONLY___ =
2017-06-09 01:03:50,356 INFO     ___FILE_ONLY___ =
2017-06-09 01:03:50,364 INFO     ___FILE_ONLY___ =
2017-06-09 01:03:50,404 INFO     ___FILE_ONLY___ =
2017-06-09 01:03:50,444 INFO     ___FILE_ONLY___ =
2017-06-09 01:03:50,455 INFO     ___FILE_ONLY___ =
2017-06-09 01:03:50,516 INFO     ___FILE_ONLY___ =
2017-06-09 01:03:50,524 INFO     ___FILE_ONLY___ =
2017-06-09 01:03:50,962 INFO     ___FILE_ONLY___ =
2017-06-09 01:03:50,963 INFO     ___FILE_ONLY___ =
2017-06-09 01:03:50,964 INFO     ___FILE_ONLY___ =
2017-06-09 01:03:50,965 INFO     ___FILE_ONLY___ =
2017-06-09 01:03:50,966 INFO     ___FILE_ONLY___ =
2017-06-09 01:03:50,982 INFO     ___FILE_ONLY___ =
2017-06-09 01:03:50,984 INFO     ___FILE_ONLY___ =
2017-06-09 01:03:50,991 INFO     ___FILE_ONLY___ =
2017-06-09 01:03:51,004 INFO     ___FILE_ONLY___ =
2017-06-09 01:03:51,008 INFO     ___FILE_ONLY___ =
2017-06-09 01:03:51,009 INFO     ___FILE_ONLY___ =
2017-06-09 01:03:51,009 INFO     ___FILE_ONLY___ =
2017-06-09 01:03:51,011 INFO     ___FILE_ONLY___ =
2017-06-09 01:03:51,012 INFO     ___FILE_ONLY___ =
2017-06-09 01:03:51,012 INFO     ___FILE_ONLY___ =
2017-06-09 01:03:51,013 INFO     ___FILE_ONLY___ =
2017-06-09 01:03:51,282 INFO     ___FILE_ONLY___ =
2017-06-09 01:03:51,358 INFO     ___FILE_ONLY___ =
2017-06-09 01:03:51,361 INFO     ___FILE_ONLY___ =
2017-06-09 01:03:51,362 INFO     ___FILE_ONLY___ =
2017-06-09 01:03:51,362 INFO     ___FILE_ONLY___ =
2017-06-09 01:03:51,363 INFO     ___FILE_ONLY___ =
2017-06-09 01:03:51,364 INFO     ___FILE_ONLY___ =
2017-06-09 01:03:51,364 INFO     ___FILE_ONLY___ =
2017-06-09 01:03:51,365 INFO     ___FILE_ONLY___ =
2017-06-09 01:03:51,366 INFO     ___FILE_ONLY___ =
2017-06-09 01:03:51,366 INFO     ___FILE_ONLY___ =
2017-06-09 01:03:51,367 INFO     ___FILE_ONLY___ =
2017-06-09 01:03:51,368 INFO     ___FILE_ONLY___ =
2017-06-09 01:03:51,369 INFO     ___FILE_ONLY___ =
2017-06-09 01:03:51,369 INFO     ___FILE_ONLY___ #

2017-06-09 01:03:51,389 INFO     ___FILE_ONLY___ #= Installing: Cloud Pub/Sub Emulator                       =#

2017-06-09 01:03:51,389 INFO     ___FILE_ONLY___ #
2017-06-09 01:03:51,698 INFO     ___FILE_ONLY___ =
2017-06-09 01:03:51,714 INFO     ___FILE_ONLY___ =
2017-06-09 01:03:51,724 INFO     ___FILE_ONLY___ =
2017-06-09 01:03:51,730 INFO     ___FILE_ONLY___ =
2017-06-09 01:03:51,736 INFO     ___FILE_ONLY___ =
2017-06-09 01:03:51,769 INFO     ___FILE_ONLY___ =
2017-06-09 01:03:51,772 INFO     ___FILE_ONLY___ =
2017-06-09 01:03:51,774 INFO     ___FILE_ONLY___ =
2017-06-09 01:03:51,820 INFO     ___FILE_ONLY___ =
2017-06-09 01:03:51,823 INFO     ___FILE_ONLY___ =
2017-06-09 01:03:51,826 INFO     ___FILE_ONLY___ =
2017-06-09 01:03:51,866 INFO     ___FILE_ONLY___ =
2017-06-09 01:03:51,869 INFO     ___FILE_ONLY___ =
2017-06-09 01:03:51,871 INFO     ___FILE_ONLY___ =
2017-06-09 01:03:51,940 INFO     ___FILE_ONLY___ =
2017-06-09 01:03:51,943 INFO     ___FILE_ONLY___ =
2017-06-09 01:03:51,945 INFO     ___FILE_ONLY___ =
2017-06-09 01:03:52,007 INFO     ___FILE_ONLY___ =
2017-06-09 01:03:52,009 INFO     ___FILE_ONLY___ =
2017-06-09 01:03:52,099 INFO     ___FILE_ONLY___ =
2017-06-09 01:03:52,102 INFO     ___FILE_ONLY___ =
2017-06-09 01:03:52,105 INFO     ___FILE_ONLY___ =
2017-06-09 01:03:52,165 INFO     ___FILE_ONLY___ =
2017-06-09 01:03:52,168 INFO     ___FILE_ONLY___ =
2017-06-09 01:03:52,172 INFO     ___FILE_ONLY___ =
2017-06-09 01:03:52,226 INFO     ___FILE_ONLY___ =
2017-06-09 01:03:52,229 INFO     ___FILE_ONLY___ =
2017-06-09 01:03:52,231 INFO     ___FILE_ONLY___ =
2017-06-09 01:03:52,279 INFO     ___FILE_ONLY___ =
2017-06-09 01:03:52,282 INFO     ___FILE_ONLY___ =
2017-06-09 01:03:52,514 INFO     ___FILE_ONLY___ =
2017-06-09 01:03:52,515 INFO     ___FILE_ONLY___ =
2017-06-09 01:03:52,515 INFO     ___FILE_ONLY___ =
2017-06-09 01:03:52,515 INFO     ___FILE_ONLY___ =
2017-06-09 01:03:52,515 INFO     ___FILE_ONLY___ =
2017-06-09 01:03:52,516 INFO     ___FILE_ONLY___ =
2017-06-09 01:03:52,516 INFO     ___FILE_ONLY___ =
2017-06-09 01:03:52,516 INFO     ___FILE_ONLY___ =
2017-06-09 01:03:52,516 INFO     ___FILE_ONLY___ =
2017-06-09 01:03:52,517 INFO     ___FILE_ONLY___ =
2017-06-09 01:03:52,517 INFO     ___FILE_ONLY___ =
2017-06-09 01:03:52,518 INFO     ___FILE_ONLY___ =
2017-06-09 01:03:52,518 INFO     ___FILE_ONLY___ =
2017-06-09 01:03:52,518 INFO     ___FILE_ONLY___ =
2017-06-09 01:03:52,518 INFO     ___FILE_ONLY___ =
2017-06-09 01:03:52,519 INFO     ___FILE_ONLY___ =
2017-06-09 01:03:52,519 INFO     ___FILE_ONLY___ =
2017-06-09 01:03:52,520 INFO     ___FILE_ONLY___ =
2017-06-09 01:03:52,520 INFO     ___FILE_ONLY___ =
2017-06-09 01:03:52,520 INFO     ___FILE_ONLY___ =
2017-06-09 01:03:52,521 INFO     ___FILE_ONLY___ =
2017-06-09 01:03:52,521 INFO     ___FILE_ONLY___ =
2017-06-09 01:03:52,521 INFO     ___FILE_ONLY___ =
2017-06-09 01:03:52,522 INFO     ___FILE_ONLY___ =
2017-06-09 01:03:52,522 INFO     ___FILE_ONLY___ =
2017-06-09 01:03:52,522 INFO     ___FILE_ONLY___ =
2017-06-09 01:03:52,523 INFO     ___FILE_ONLY___ =
2017-06-09 01:03:52,523 INFO     ___FILE_ONLY___ =
2017-06-09 01:03:52,524 INFO     ___FILE_ONLY___ =
2017-06-09 01:03:52,718 INFO     ___FILE_ONLY___ =
2017-06-09 01:03:52,719 INFO     ___FILE_ONLY___ #

2017-06-09 01:03:52,735 INFO     ___FILE_ONLY___ #= Installing: Google Container Registry's Docker creden... =#

2017-06-09 01:03:52,735 INFO     ___FILE_ONLY___ #
2017-06-09 01:03:52,744 INFO     ___FILE_ONLY___ ============================================================
2017-06-09 01:03:52,744 INFO     ___FILE_ONLY___ #

2017-06-09 01:03:52,748 INFO     ___FILE_ONLY___ #= Installing: docker-credential-gcr (Linux, x86_64)        =#

2017-06-09 01:03:52,748 INFO     ___FILE_ONLY___ #
2017-06-09 01:03:52,939 INFO     ___FILE_ONLY___ =
2017-06-09 01:03:52,950 INFO     ___FILE_ONLY___ =
2017-06-09 01:03:52,955 INFO     ___FILE_ONLY___ =
2017-06-09 01:03:52,958 INFO     ___FILE_ONLY___ =
2017-06-09 01:03:52,961 INFO     ___FILE_ONLY___ =
2017-06-09 01:03:52,964 INFO     ___FILE_ONLY___ =
2017-06-09 01:03:52,966 INFO     ___FILE_ONLY___ =
2017-06-09 01:03:52,967 INFO     ___FILE_ONLY___ =
2017-06-09 01:03:52,969 INFO     ___FILE_ONLY___ =
2017-06-09 01:03:52,971 INFO     ___FILE_ONLY___ =
2017-06-09 01:03:52,972 INFO     ___FILE_ONLY___ =
2017-06-09 01:03:52,973 INFO     ___FILE_ONLY___ =
2017-06-09 01:03:52,974 INFO     ___FILE_ONLY___ =
2017-06-09 01:03:52,976 INFO     ___FILE_ONLY___ =
2017-06-09 01:03:52,976 INFO     ___FILE_ONLY___ =
2017-06-09 01:03:52,977 INFO     ___FILE_ONLY___ =
2017-06-09 01:03:52,978 INFO     ___FILE_ONLY___ =
2017-06-09 01:03:52,979 INFO     ___FILE_ONLY___ =
2017-06-09 01:03:52,979 INFO     ___FILE_ONLY___ =
2017-06-09 01:03:52,980 INFO     ___FILE_ONLY___ =
2017-06-09 01:03:52,981 INFO     ___FILE_ONLY___ =
2017-06-09 01:03:52,982 INFO     ___FILE_ONLY___ =
2017-06-09 01:03:52,982 INFO     ___FILE_ONLY___ =
2017-06-09 01:03:52,982 INFO     ___FILE_ONLY___ =
2017-06-09 01:03:52,983 INFO     ___FILE_ONLY___ =
2017-06-09 01:03:52,983 INFO     ___FILE_ONLY___ =
2017-06-09 01:03:52,984 INFO     ___FILE_ONLY___ =
2017-06-09 01:03:52,984 INFO     ___FILE_ONLY___ =
2017-06-09 01:03:52,985 INFO     ___FILE_ONLY___ =
2017-06-09 01:03:52,986 INFO     ___FILE_ONLY___ =
2017-06-09 01:03:53,047 INFO     ___FILE_ONLY___ ===============
2017-06-09 01:03:53,107 INFO     ___FILE_ONLY___ ===============
2017-06-09 01:03:53,108 INFO     ___FILE_ONLY___ #

2017-06-09 01:03:53,120 INFO     ___FILE_ONLY___ #= Installing: gcloud Alpha Commands                        =#

2017-06-09 01:03:53,120 INFO     ___FILE_ONLY___ #
2017-06-09 01:03:53,193 INFO     ___FILE_ONLY___ ==============================
2017-06-09 01:03:53,195 INFO     ___FILE_ONLY___ =======
2017-06-09 01:03:53,195 INFO     ___FILE_ONLY___ ========
2017-06-09 01:03:53,195 INFO     ___FILE_ONLY___ =======
2017-06-09 01:03:53,196 INFO     ___FILE_ONLY___ ========
2017-06-09 01:03:53,196 INFO     ___FILE_ONLY___ #

2017-06-09 01:03:53,208 INFO     ___FILE_ONLY___ #= Installing: gcloud Beta Commands                         =#

2017-06-09 01:03:53,208 INFO     ___FILE_ONLY___ #
2017-06-09 01:03:53,282 INFO     ___FILE_ONLY___ ==============================
2017-06-09 01:03:53,283 INFO     ___FILE_ONLY___ =======
2017-06-09 01:03:53,283 INFO     ___FILE_ONLY___ ========
2017-06-09 01:03:53,283 INFO     ___FILE_ONLY___ =======
2017-06-09 01:03:53,283 INFO     ___FILE_ONLY___ ========
2017-06-09 01:03:53,284 INFO     ___FILE_ONLY___ #

2017-06-09 01:03:53,295 INFO     ___FILE_ONLY___ #= Installing: gcloud app Java Extensions                   =#

2017-06-09 01:03:53,296 INFO     ___FILE_ONLY___ #
2017-06-09 01:03:53,555 INFO     ___FILE_ONLY___ =
2017-06-09 01:03:53,582 INFO     ___FILE_ONLY___ =
2017-06-09 01:03:53,610 INFO     ___FILE_ONLY___ =
2017-06-09 01:03:53,637 INFO     ___FILE_ONLY___ =
2017-06-09 01:03:53,671 INFO     ___FILE_ONLY___ =
2017-06-09 01:03:53,700 INFO     ___FILE_ONLY___ =
2017-06-09 01:03:53,727 INFO     ___FILE_ONLY___ =
2017-06-09 01:03:53,755 INFO     ___FILE_ONLY___ =
2017-06-09 01:03:53,787 INFO     ___FILE_ONLY___ =
2017-06-09 01:03:53,822 INFO     ___FILE_ONLY___ =
2017-06-09 01:03:53,850 INFO     ___FILE_ONLY___ =
2017-06-09 01:03:53,880 INFO     ___FILE_ONLY___ =
2017-06-09 01:03:53,908 INFO     ___FILE_ONLY___ =
2017-06-09 01:03:53,936 INFO     ___FILE_ONLY___ =
2017-06-09 01:03:53,970 INFO     ___FILE_ONLY___ =
2017-06-09 01:03:54,003 INFO     ___FILE_ONLY___ =
2017-06-09 01:03:54,030 INFO     ___FILE_ONLY___ =
2017-06-09 01:03:54,058 INFO     ___FILE_ONLY___ =
2017-06-09 01:03:54,090 INFO     ___FILE_ONLY___ =
2017-06-09 01:03:54,120 INFO     ___FILE_ONLY___ =
2017-06-09 01:03:54,147 INFO     ___FILE_ONLY___ =
2017-06-09 01:03:54,178 INFO     ___FILE_ONLY___ =
2017-06-09 01:03:54,207 INFO     ___FILE_ONLY___ =
2017-06-09 01:03:54,236 INFO     ___FILE_ONLY___ =
2017-06-09 01:03:54,272 INFO     ___FILE_ONLY___ =
2017-06-09 01:03:54,301 INFO     ___FILE_ONLY___ =
2017-06-09 01:03:54,328 INFO     ___FILE_ONLY___ =
2017-06-09 01:03:54,356 INFO     ___FILE_ONLY___ =
2017-06-09 01:03:54,383 INFO     ___FILE_ONLY___ =
2017-06-09 01:03:54,413 INFO     ___FILE_ONLY___ =
2017-06-09 01:03:56,008 INFO     ___FILE_ONLY___ =
2017-06-09 01:03:56,186 INFO     ___FILE_ONLY___ =
2017-06-09 01:03:56,236 INFO     ___FILE_ONLY___ =
2017-06-09 01:03:56,240 INFO     ___FILE_ONLY___ =
2017-06-09 01:03:56,245 INFO     ___FILE_ONLY___ =
2017-06-09 01:03:56,275 INFO     ___FILE_ONLY___ =
2017-06-09 01:03:56,320 INFO     ___FILE_ONLY___ =
2017-06-09 01:03:56,340 INFO     ___FILE_ONLY___ =
2017-06-09 01:03:56,514 INFO     ___FILE_ONLY___ =
2017-06-09 01:03:57,115 INFO     ___FILE_ONLY___ =
2017-06-09 01:03:57,123 INFO     ___FILE_ONLY___ =
2017-06-09 01:03:57,126 INFO     ___FILE_ONLY___ =
2017-06-09 01:03:57,128 INFO     ___FILE_ONLY___ =
2017-06-09 01:03:57,131 INFO     ___FILE_ONLY___ =
2017-06-09 01:03:57,133 INFO     ___FILE_ONLY___ =
2017-06-09 01:03:57,136 INFO     ___FILE_ONLY___ =
2017-06-09 01:03:57,139 INFO     ___FILE_ONLY___ =
2017-06-09 01:03:57,148 INFO     ___FILE_ONLY___ =
2017-06-09 01:03:57,171 INFO     ___FILE_ONLY___ =
2017-06-09 01:03:57,183 INFO     ___FILE_ONLY___ =
2017-06-09 01:03:57,194 INFO     ___FILE_ONLY___ =
2017-06-09 01:03:57,234 INFO     ___FILE_ONLY___ =
2017-06-09 01:03:57,236 INFO     ___FILE_ONLY___ =
2017-06-09 01:03:57,239 INFO     ___FILE_ONLY___ =
2017-06-09 01:03:57,243 INFO     ___FILE_ONLY___ =
2017-06-09 01:03:57,245 INFO     ___FILE_ONLY___ =
2017-06-09 01:03:57,252 INFO     ___FILE_ONLY___ =
2017-06-09 01:03:57,272 INFO     ___FILE_ONLY___ =
2017-06-09 01:03:57,429 INFO     ___FILE_ONLY___ =
2017-06-09 01:03:57,431 INFO     ___FILE_ONLY___ =
2017-06-09 01:03:57,431 INFO     ___FILE_ONLY___ #

2017-06-09 01:03:57,463 INFO     ___FILE_ONLY___ #= Installing: gcloud app PHP Extensions                    =#

2017-06-09 01:03:57,463 INFO     ___FILE_ONLY___ #
2017-06-09 01:03:57,472 INFO     ___FILE_ONLY___ ============================================================
2017-06-09 01:03:57,472 INFO     ___FILE_ONLY___ #

2017-06-09 01:03:57,476 INFO     ___FILE_ONLY___ #= Installing: gcloud app Python Extensions                 =#

2017-06-09 01:03:57,476 INFO     ___FILE_ONLY___ #
2017-06-09 01:03:57,593 INFO     ___FILE_ONLY___ =
2017-06-09 01:03:57,602 INFO     ___FILE_ONLY___ =
2017-06-09 01:03:57,607 INFO     ___FILE_ONLY___ =
2017-06-09 01:03:57,611 INFO     ___FILE_ONLY___ =
2017-06-09 01:03:57,615 INFO     ___FILE_ONLY___ =
2017-06-09 01:03:57,617 INFO     ___FILE_ONLY___ =
2017-06-09 01:03:57,619 INFO     ___FILE_ONLY___ =
2017-06-09 01:03:57,621 INFO     ___FILE_ONLY___ =
2017-06-09 01:03:57,623 INFO     ___FILE_ONLY___ =
2017-06-09 01:03:57,624 INFO     ___FILE_ONLY___ =
2017-06-09 01:03:57,625 INFO     ___FILE_ONLY___ =
2017-06-09 01:03:57,626 INFO     ___FILE_ONLY___ =
2017-06-09 01:03:57,627 INFO     ___FILE_ONLY___ =
2017-06-09 01:03:57,628 INFO     ___FILE_ONLY___ =
2017-06-09 01:03:57,629 INFO     ___FILE_ONLY___ =
2017-06-09 01:03:57,630 INFO     ___FILE_ONLY___ =
2017-06-09 01:03:57,630 INFO     ___FILE_ONLY___ =
2017-06-09 01:03:57,631 INFO     ___FILE_ONLY___ =
2017-06-09 01:03:57,632 INFO     ___FILE_ONLY___ =
2017-06-09 01:03:57,633 INFO     ___FILE_ONLY___ =
2017-06-09 01:03:57,634 INFO     ___FILE_ONLY___ =
2017-06-09 01:03:57,635 INFO     ___FILE_ONLY___ =
2017-06-09 01:03:57,636 INFO     ___FILE_ONLY___ =
2017-06-09 01:03:57,637 INFO     ___FILE_ONLY___ =
2017-06-09 01:03:57,638 INFO     ___FILE_ONLY___ =
2017-06-09 01:03:57,639 INFO     ___FILE_ONLY___ =
2017-06-09 01:03:57,639 INFO     ___FILE_ONLY___ =
2017-06-09 01:03:57,640 INFO     ___FILE_ONLY___ =
2017-06-09 01:03:57,641 INFO     ___FILE_ONLY___ =
2017-06-09 01:03:57,642 INFO     ___FILE_ONLY___ =
2017-06-09 01:03:58,017 INFO     ___FILE_ONLY___ =
2017-06-09 01:03:58,047 INFO     ___FILE_ONLY___ =
2017-06-09 01:03:58,073 INFO     ___FILE_ONLY___ =
2017-06-09 01:03:58,096 INFO     ___FILE_ONLY___ =
2017-06-09 01:03:58,117 INFO     ___FILE_ONLY___ =
2017-06-09 01:03:58,139 INFO     ___FILE_ONLY___ =
2017-06-09 01:03:58,166 INFO     ___FILE_ONLY___ =
2017-06-09 01:03:58,188 INFO     ___FILE_ONLY___ =
2017-06-09 01:03:58,214 INFO     ___FILE_ONLY___ =
2017-06-09 01:03:58,238 INFO     ___FILE_ONLY___ =
2017-06-09 01:03:58,261 INFO     ___FILE_ONLY___ =
2017-06-09 01:03:58,282 INFO     ___FILE_ONLY___ =
2017-06-09 01:03:58,305 INFO     ___FILE_ONLY___ =
2017-06-09 01:03:58,331 INFO     ___FILE_ONLY___ =
2017-06-09 01:03:58,356 INFO     ___FILE_ONLY___ =
2017-06-09 01:03:58,389 INFO     ___FILE_ONLY___ =
2017-06-09 01:03:58,414 INFO     ___FILE_ONLY___ =
2017-06-09 01:03:58,437 INFO     ___FILE_ONLY___ =
2017-06-09 01:03:58,460 INFO     ___FILE_ONLY___ =
2017-06-09 01:03:58,484 INFO     ___FILE_ONLY___ =
2017-06-09 01:03:58,512 INFO     ___FILE_ONLY___ =
2017-06-09 01:03:58,543 INFO     ___FILE_ONLY___ =
2017-06-09 01:03:58,571 INFO     ___FILE_ONLY___ =
2017-06-09 01:03:58,592 INFO     ___FILE_ONLY___ =
2017-06-09 01:03:58,616 INFO     ___FILE_ONLY___ =
2017-06-09 01:03:58,654 INFO     ___FILE_ONLY___ =
2017-06-09 01:03:58,684 INFO     ___FILE_ONLY___ =
2017-06-09 01:03:58,707 INFO     ___FILE_ONLY___ =
2017-06-09 01:03:58,730 INFO     ___FILE_ONLY___ =
2017-06-09 01:03:58,756 INFO     ___FILE_ONLY___ =
2017-06-09 01:03:58,757 INFO     ___FILE_ONLY___ #

2017-06-09 01:03:58,779 INFO     ___FILE_ONLY___ #= Installing: kubectl                                      =#

2017-06-09 01:03:58,779 INFO     ___FILE_ONLY___ #
2017-06-09 01:03:58,789 INFO     ___FILE_ONLY___ ============================================================
2017-06-09 01:03:58,789 INFO     ___FILE_ONLY___ #

2017-06-09 01:03:58,793 INFO     ___FILE_ONLY___ #= Installing: kubectl (Linux, x86_64)                      =#

2017-06-09 01:03:58,794 INFO     ___FILE_ONLY___ #
2017-06-09 01:03:58,922 INFO     ___FILE_ONLY___ =
2017-06-09 01:03:58,931 INFO     ___FILE_ONLY___ =
2017-06-09 01:03:58,936 INFO     ___FILE_ONLY___ =
2017-06-09 01:03:58,940 INFO     ___FILE_ONLY___ =
2017-06-09 01:03:58,948 INFO     ___FILE_ONLY___ =
2017-06-09 01:03:58,951 INFO     ___FILE_ONLY___ =
2017-06-09 01:03:58,953 INFO     ___FILE_ONLY___ =
2017-06-09 01:03:58,956 INFO     ___FILE_ONLY___ =
2017-06-09 01:03:58,957 INFO     ___FILE_ONLY___ =
2017-06-09 01:03:58,959 INFO     ___FILE_ONLY___ =
2017-06-09 01:03:58,961 INFO     ___FILE_ONLY___ =
2017-06-09 01:03:58,962 INFO     ___FILE_ONLY___ =
2017-06-09 01:03:58,965 INFO     ___FILE_ONLY___ =
2017-06-09 01:03:58,967 INFO     ___FILE_ONLY___ =
2017-06-09 01:03:58,969 INFO     ___FILE_ONLY___ =
2017-06-09 01:03:58,971 INFO     ___FILE_ONLY___ =
2017-06-09 01:03:58,978 INFO     ___FILE_ONLY___ =
2017-06-09 01:03:58,982 INFO     ___FILE_ONLY___ =
2017-06-09 01:03:58,985 INFO     ___FILE_ONLY___ =
2017-06-09 01:03:58,987 INFO     ___FILE_ONLY___ =
2017-06-09 01:03:58,991 INFO     ___FILE_ONLY___ =
2017-06-09 01:03:58,995 INFO     ___FILE_ONLY___ =
2017-06-09 01:03:58,998 INFO     ___FILE_ONLY___ =
2017-06-09 01:03:59,001 INFO     ___FILE_ONLY___ =
2017-06-09 01:03:59,006 INFO     ___FILE_ONLY___ =
2017-06-09 01:03:59,011 INFO     ___FILE_ONLY___ =
2017-06-09 01:03:59,013 INFO     ___FILE_ONLY___ =
2017-06-09 01:03:59,015 INFO     ___FILE_ONLY___ =
2017-06-09 01:03:59,018 INFO     ___FILE_ONLY___ =
2017-06-09 01:03:59,021 INFO     ___FILE_ONLY___ =
2017-06-09 01:03:59,507 INFO     ___FILE_ONLY___ ===============
2017-06-09 01:03:59,999 INFO     ___FILE_ONLY___ ===============
2017-06-09 01:04:00,000 INFO     ___FILE_ONLY___ #

2017-06-09 01:04:00,014 INFO     ___FILE_ONLY___ #= Creating backup and activating new installation          =#

2017-06-09 01:04:00,014 INFO     ___FILE_ONLY___ #
2017-06-09 01:04:00,015 DEBUG    root            Attempting to move directory [/google/google-cloud-sdk] to [/google/google-cloud-sdk.staging/.install/.backup]
2017-06-09 01:04:00,015 DEBUG    root            Retrying file system operation: <built-in function rename>, ('/google/google-cloud-sdk', '/google/google-cloud-sdk.staging/.install/.backup'), (<type 'exceptions.OSError'>, OSError(18, 'Invalid cross-device link'), <traceback object at 0x7fe1e219b998>), retries_left=10
2017-06-09 01:04:00,015 DEBUG    root            Waiting for retry: [0.2]
2017-06-09 01:04:00,216 DEBUG    root            Retrying file system operation: <built-in function rename>, ('/google/google-cloud-sdk', '/google/google-cloud-sdk.staging/.install/.backup'), (<type 'exceptions.OSError'>, OSError(18, 'Invalid cross-device link'), <traceback object at 0x7fe1e219bb00>), retries_left=9
2017-06-09 01:04:00,216 DEBUG    root            Waiting for retry: [0.4]
2017-06-09 01:04:00,617 DEBUG    root            Retrying file system operation: <built-in function rename>, ('/google/google-cloud-sdk', '/google/google-cloud-sdk.staging/.install/.backup'), (<type 'exceptions.OSError'>, OSError(18, 'Invalid cross-device link'), <traceback object at 0x7fe1e219b3f8>), retries_left=8
2017-06-09 01:04:00,617 DEBUG    root            Waiting for retry: [0.6]
2017-06-09 01:04:01,218 DEBUG    root            Retrying file system operation: <built-in function rename>, ('/google/google-cloud-sdk', '/google/google-cloud-sdk.staging/.install/.backup'), (<type 'exceptions.OSError'>, OSError(18, 'Invalid cross-device link'), <traceback object at 0x7fe1e219bab8>), retries_left=7
2017-06-09 01:04:01,218 DEBUG    root            Waiting for retry: [0.8]
2017-06-09 01:04:02,019 DEBUG    root            Retrying file system operation: <built-in function rename>, ('/google/google-cloud-sdk', '/google/google-cloud-sdk.staging/.install/.backup'), (<type 'exceptions.OSError'>, OSError(18, 'Invalid cross-device link'), <traceback object at 0x7fe1e219bb00>), retries_left=6
2017-06-09 01:04:02,020 DEBUG    root            Waiting for retry: [1.0]
2017-06-09 01:04:03,021 DEBUG    root            Retrying file system operation: <built-in function rename>, ('/google/google-cloud-sdk', '/google/google-cloud-sdk.staging/.install/.backup'), (<type 'exceptions.OSError'>, OSError(18, 'Invalid cross-device link'), <traceback object at 0x7fe1e219b3f8>), retries_left=5
2017-06-09 01:04:03,021 DEBUG    root            Waiting for retry: [1.2]
2017-06-09 01:04:04,223 DEBUG    root            Retrying file system operation: <built-in function rename>, ('/google/google-cloud-sdk', '/google/google-cloud-sdk.staging/.install/.backup'), (<type 'exceptions.OSError'>, OSError(18, 'Invalid cross-device link'), <traceback object at 0x7fe1e219bab8>), retries_left=4
2017-06-09 01:04:04,223 DEBUG    root            Waiting for retry: [1.4]
2017-06-09 01:04:05,625 DEBUG    root            Retrying file system operation: <built-in function rename>, ('/google/google-cloud-sdk', '/google/google-cloud-sdk.staging/.install/.backup'), (<type 'exceptions.OSError'>, OSError(18, 'Invalid cross-device link'), <traceback object at 0x7fe1e219bb00>), retries_left=3
2017-06-09 01:04:05,625 DEBUG    root            Waiting for retry: [1.6]
2017-06-09 01:04:07,227 DEBUG    root            Retrying file system operation: <built-in function rename>, ('/google/google-cloud-sdk', '/google/google-cloud-sdk.staging/.install/.backup'), (<type 'exceptions.OSError'>, OSError(18, 'Invalid cross-device link'), <traceback object at 0x7fe1e219b3f8>), retries_left=2
2017-06-09 01:04:07,227 DEBUG    root            Waiting for retry: [1.8]
2017-06-09 01:04:09,029 DEBUG    root            Retrying file system operation: <built-in function rename>, ('/google/google-cloud-sdk', '/google/google-cloud-sdk.staging/.install/.backup'), (<type 'exceptions.OSError'>, OSError(18, 'Invalid cross-device link'), <traceback object at 0x7fe1e219bab8>), retries_left=1
2017-06-09 01:04:09,029 DEBUG    root            Waiting for retry: [2.0]
2017-06-09 01:04:11,033 DEBUG    root            Directory rename failed.  Falling back to copy. [[Errno 18] Invalid cross-device link]
2017-06-09 01:04:13,034 INFO     ___FILE_ONLY___ ==============================
2017-06-09 01:04:13,034 DEBUG    root            Attempting to move directory [/google/google-cloud-sdk.staging] to [/google/google-cloud-sdk]
2017-06-09 01:04:13,034 INFO     ___FILE_ONLY___ ==============================
2017-06-09 01:04:13,034 INFO     ___FILE_ONLY___ #

2017-06-09 01:04:13,158 DEBUG    root            Updating notification cache...
2017-06-09 01:04:13,158 INFO     ___FILE_ONLY___ 

2017-06-09 01:04:13,158 INFO     ___FILE_ONLY___ Performing post processing steps...
2017-06-09 01:04:13,159 DEBUG    root            Executing command: ['/usr/bin/python2', '-S', u'/google/google-cloud-sdk/lib/gcloud.py', u'components', u'post-process']
2017-06-09 01:04:36,914 DEBUG    ___FILE_ONLY___ 
2017-06-09 01:04:36,914 DEBUG    ___FILE_ONLY___ 
2017-06-09 01:04:36,915 INFO     ___FILE_ONLY___ 
Update done!


2017-06-09 01:04:36,919 INFO     root            Display format "none".
2017-06-09 01:04:37,052 DEBUG    root            Metrics reporting process started...
