2017-06-09 01:02:57,944 DEBUG    root            Metrics collector initialized...
2017-06-09 01:02:57,952 DEBUG    root            Loaded Command Group: ['gcloud', 'components']
2017-06-09 01:02:57,955 DEBUG    root            Loaded Command Group: ['gcloud', 'components', 'update']
2017-06-09 01:02:57,956 DEBUG    root            Running [gcloud.components.update] with arguments: [--allow-no-backup: "True", --quiet: "True", COMPONENT-IDS:5: "[u'core', u'gcloud-deps', u'bq', u'gcloud', u'gsutil']"]
2017-06-09 01:02:58,134 INFO     ___FILE_ONLY___ 

2017-06-09 01:02:58,135 INFO     ___FILE_ONLY___ 
Your current Cloud SDK version is: 158.0.0

2017-06-09 01:02:58,135 INFO     ___FILE_ONLY___ Installing components from version: 158.0.0

2017-06-09 01:02:58,135 INFO     ___FILE_ONLY___ 

2017-06-09 01:02:58,144 INFO     ___FILE_ONLY___ +----------------------------------------------------------------------------+
2017-06-09 01:02:58,144 INFO     ___FILE_ONLY___ 

2017-06-09 01:02:58,144 INFO     ___FILE_ONLY___ |                    These components will be installed.                     |
2017-06-09 01:02:58,145 INFO     ___FILE_ONLY___ 

2017-06-09 01:02:58,145 INFO     ___FILE_ONLY___ +-----------------------------------------------------+------------+---------+
2017-06-09 01:02:58,145 INFO     ___FILE_ONLY___ 

2017-06-09 01:02:58,145 INFO     ___FILE_ONLY___ |                         Name                        |  Version   |   Size  |
2017-06-09 01:02:58,145 INFO     ___FILE_ONLY___ 

2017-06-09 01:02:58,145 INFO     ___FILE_ONLY___ +-----------------------------------------------------+------------+---------+
2017-06-09 01:02:58,145 INFO     ___FILE_ONLY___ 

2017-06-09 01:02:58,145 INFO     ___FILE_ONLY___ | 
2017-06-09 01:02:58,146 INFO     ___FILE_ONLY___ BigQuery Command Line Tool                         
2017-06-09 01:02:58,146 INFO     ___FILE_ONLY___  
2017-06-09 01:02:58,146 INFO     ___FILE_ONLY___ | 
2017-06-09 01:02:58,146 INFO     ___FILE_ONLY___     2.0.24
2017-06-09 01:02:58,146 INFO     ___FILE_ONLY___  
2017-06-09 01:02:58,146 INFO     ___FILE_ONLY___ | 
2017-06-09 01:02:58,146 INFO     ___FILE_ONLY___ < 1 MiB
2017-06-09 01:02:58,146 INFO     ___FILE_ONLY___  
2017-06-09 01:02:58,146 INFO     ___FILE_ONLY___ |
2017-06-09 01:02:58,147 INFO     ___FILE_ONLY___ 

2017-06-09 01:02:58,147 INFO     ___FILE_ONLY___ | 
2017-06-09 01:02:58,147 INFO     ___FILE_ONLY___ BigQuery Command Line Tool (Platform Specific)     
2017-06-09 01:02:58,147 INFO     ___FILE_ONLY___  
2017-06-09 01:02:58,147 INFO     ___FILE_ONLY___ | 
2017-06-09 01:02:58,147 INFO     ___FILE_ONLY___     2.0.24
2017-06-09 01:02:58,147 INFO     ___FILE_ONLY___  
2017-06-09 01:02:58,148 INFO     ___FILE_ONLY___ | 
2017-06-09 01:02:58,148 INFO     ___FILE_ONLY___ < 1 MiB
2017-06-09 01:02:58,148 INFO     ___FILE_ONLY___  
2017-06-09 01:02:58,148 INFO     ___FILE_ONLY___ |
2017-06-09 01:02:58,148 INFO     ___FILE_ONLY___ 

2017-06-09 01:02:58,148 INFO     ___FILE_ONLY___ | 
2017-06-09 01:02:58,148 INFO     ___FILE_ONLY___ Cloud SDK Core Libraries (Platform Specific)       
2017-06-09 01:02:58,148 INFO     ___FILE_ONLY___  
2017-06-09 01:02:58,148 INFO     ___FILE_ONLY___ | 
2017-06-09 01:02:58,149 INFO     ___FILE_ONLY___ 2017.05.30
2017-06-09 01:02:58,149 INFO     ___FILE_ONLY___  
2017-06-09 01:02:58,149 INFO     ___FILE_ONLY___ | 
2017-06-09 01:02:58,149 INFO     ___FILE_ONLY___ < 1 MiB
2017-06-09 01:02:58,149 INFO     ___FILE_ONLY___  
2017-06-09 01:02:58,149 INFO     ___FILE_ONLY___ |
2017-06-09 01:02:58,149 INFO     ___FILE_ONLY___ 

2017-06-09 01:02:58,149 INFO     ___FILE_ONLY___ | 
2017-06-09 01:02:58,150 INFO     ___FILE_ONLY___ Cloud Storage Command Line Tool                    
2017-06-09 01:02:58,150 INFO     ___FILE_ONLY___  
2017-06-09 01:02:58,150 INFO     ___FILE_ONLY___ | 
2017-06-09 01:02:58,150 INFO     ___FILE_ONLY___       4.26
2017-06-09 01:02:58,150 INFO     ___FILE_ONLY___  
2017-06-09 01:02:58,150 INFO     ___FILE_ONLY___ | 
2017-06-09 01:02:58,150 INFO     ___FILE_ONLY___ 2.9 MiB
2017-06-09 01:02:58,150 INFO     ___FILE_ONLY___  
2017-06-09 01:02:58,150 INFO     ___FILE_ONLY___ |
2017-06-09 01:02:58,150 INFO     ___FILE_ONLY___ 

2017-06-09 01:02:58,151 INFO     ___FILE_ONLY___ | 
2017-06-09 01:02:58,151 INFO     ___FILE_ONLY___ Cloud Storage Command Line Tool (Platform Specific)
2017-06-09 01:02:58,151 INFO     ___FILE_ONLY___  
2017-06-09 01:02:58,151 INFO     ___FILE_ONLY___ | 
2017-06-09 01:02:58,151 INFO     ___FILE_ONLY___       4.26
2017-06-09 01:02:58,151 INFO     ___FILE_ONLY___  
2017-06-09 01:02:58,151 INFO     ___FILE_ONLY___ | 
2017-06-09 01:02:58,151 INFO     ___FILE_ONLY___ < 1 MiB
2017-06-09 01:02:58,152 INFO     ___FILE_ONLY___  
2017-06-09 01:02:58,152 INFO     ___FILE_ONLY___ |
2017-06-09 01:02:58,152 INFO     ___FILE_ONLY___ 

2017-06-09 01:02:58,152 INFO     ___FILE_ONLY___ | 
2017-06-09 01:02:58,152 INFO     ___FILE_ONLY___ Default set of gcloud commands                     
2017-06-09 01:02:58,152 INFO     ___FILE_ONLY___  
2017-06-09 01:02:58,152 INFO     ___FILE_ONLY___ | 
2017-06-09 01:02:58,152 INFO     ___FILE_ONLY___           
2017-06-09 01:02:58,152 INFO     ___FILE_ONLY___  
2017-06-09 01:02:58,153 INFO     ___FILE_ONLY___ | 
2017-06-09 01:02:58,153 INFO     ___FILE_ONLY___        
2017-06-09 01:02:58,153 INFO     ___FILE_ONLY___  
2017-06-09 01:02:58,153 INFO     ___FILE_ONLY___ |
2017-06-09 01:02:58,153 INFO     ___FILE_ONLY___ 

2017-06-09 01:02:58,153 INFO     ___FILE_ONLY___ | 
2017-06-09 01:02:58,153 INFO     ___FILE_ONLY___ gcloud-deps (Linux, x86_64)                        
2017-06-09 01:02:58,153 INFO     ___FILE_ONLY___  
2017-06-09 01:02:58,153 INFO     ___FILE_ONLY___ | 
2017-06-09 01:02:58,154 INFO     ___FILE_ONLY___ 2017.03.31
2017-06-09 01:02:58,154 INFO     ___FILE_ONLY___  
2017-06-09 01:02:58,154 INFO     ___FILE_ONLY___ | 
2017-06-09 01:02:58,154 INFO     ___FILE_ONLY___ 3.9 MiB
2017-06-09 01:02:58,154 INFO     ___FILE_ONLY___  
2017-06-09 01:02:58,154 INFO     ___FILE_ONLY___ |
2017-06-09 01:02:58,154 INFO     ___FILE_ONLY___ 

2017-06-09 01:02:58,154 INFO     ___FILE_ONLY___ +-----------------------------------------------------+------------+---------+
2017-06-09 01:02:58,154 INFO     ___FILE_ONLY___ 

2017-06-09 01:02:58,155 INFO     ___FILE_ONLY___ 

2017-06-09 01:02:58,262 INFO     ___FILE_ONLY___ For the latest full release notes, please visit:
  https://cloud.google.com/sdk/release_notes


2017-06-09 01:02:58,266 INFO     ___FILE_ONLY___ #============================================================#

2017-06-09 01:02:58,266 INFO     ___FILE_ONLY___ #= Creating update staging area                             =#

2017-06-09 01:02:58,266 INFO     ___FILE_ONLY___ #
2017-06-09 01:02:58,266 INFO     ___FILE_ONLY___ ======
2017-06-09 01:02:58,267 INFO     ___FILE_ONLY___ ======
2017-06-09 01:02:58,267 INFO     ___FILE_ONLY___ ======
2017-06-09 01:02:58,302 INFO     ___FILE_ONLY___ =
2017-06-09 01:02:58,318 INFO     ___FILE_ONLY___ =
2017-06-09 01:02:58,337 INFO     ___FILE_ONLY___ =
2017-06-09 01:02:58,367 INFO     ___FILE_ONLY___ =
2017-06-09 01:02:58,399 INFO     ___FILE_ONLY___ =
2017-06-09 01:02:58,430 INFO     ___FILE_ONLY___ =
2017-06-09 01:02:58,458 INFO     ___FILE_ONLY___ =
2017-06-09 01:02:58,485 INFO     ___FILE_ONLY___ =
2017-06-09 01:02:58,499 INFO     ___FILE_ONLY___ =
2017-06-09 01:02:58,516 INFO     ___FILE_ONLY___ =
2017-06-09 01:02:58,532 INFO     ___FILE_ONLY___ =
2017-06-09 01:02:58,546 INFO     ___FILE_ONLY___ =
2017-06-09 01:02:58,556 INFO     ___FILE_ONLY___ =
2017-06-09 01:02:58,563 INFO     ___FILE_ONLY___ =
2017-06-09 01:02:58,571 INFO     ___FILE_ONLY___ =
2017-06-09 01:02:58,579 INFO     ___FILE_ONLY___ =
2017-06-09 01:02:58,617 INFO     ___FILE_ONLY___ =
2017-06-09 01:02:58,649 INFO     ___FILE_ONLY___ =
2017-06-09 01:02:58,663 INFO     ___FILE_ONLY___ =
2017-06-09 01:02:58,675 INFO     ___FILE_ONLY___ =
2017-06-09 01:02:58,690 INFO     ___FILE_ONLY___ =
2017-06-09 01:02:58,702 INFO     ___FILE_ONLY___ =
2017-06-09 01:02:58,722 INFO     ___FILE_ONLY___ =
2017-06-09 01:02:58,738 INFO     ___FILE_ONLY___ =
2017-06-09 01:02:58,748 INFO     ___FILE_ONLY___ =
2017-06-09 01:02:58,771 INFO     ___FILE_ONLY___ =
2017-06-09 01:02:58,785 INFO     ___FILE_ONLY___ =
2017-06-09 01:02:58,796 INFO     ___FILE_ONLY___ =
2017-06-09 01:02:58,812 INFO     ___FILE_ONLY___ =
2017-06-09 01:02:58,826 INFO     ___FILE_ONLY___ =
2017-06-09 01:02:58,839 INFO     ___FILE_ONLY___ =
2017-06-09 01:02:58,860 INFO     ___FILE_ONLY___ =
2017-06-09 01:02:58,878 INFO     ___FILE_ONLY___ =
2017-06-09 01:02:58,897 INFO     ___FILE_ONLY___ =
2017-06-09 01:02:58,911 INFO     ___FILE_ONLY___ =
2017-06-09 01:02:58,923 INFO     ___FILE_ONLY___ =
2017-06-09 01:02:58,936 INFO     ___FILE_ONLY___ =
2017-06-09 01:02:58,950 INFO     ___FILE_ONLY___ =
2017-06-09 01:02:58,965 INFO     ___FILE_ONLY___ =
2017-06-09 01:02:58,980 INFO     ___FILE_ONLY___ =
2017-06-09 01:02:58,988 INFO     ___FILE_ONLY___ =
2017-06-09 01:02:58,995 INFO     ___FILE_ONLY___ =
2017-06-09 01:02:58,995 INFO     ___FILE_ONLY___ #

2017-06-09 01:02:58,999 INFO     ___FILE_ONLY___ #= Installing: BigQuery Command Line Tool                   =#

2017-06-09 01:02:58,999 INFO     ___FILE_ONLY___ #
2017-06-09 01:02:59,080 INFO     ___FILE_ONLY___ =
2017-06-09 01:02:59,089 INFO     ___FILE_ONLY___ =
2017-06-09 01:02:59,091 INFO     ___FILE_ONLY___ =
2017-06-09 01:02:59,099 INFO     ___FILE_ONLY___ =
2017-06-09 01:02:59,101 INFO     ___FILE_ONLY___ =
2017-06-09 01:02:59,103 INFO     ___FILE_ONLY___ =
2017-06-09 01:02:59,105 INFO     ___FILE_ONLY___ =
2017-06-09 01:02:59,107 INFO     ___FILE_ONLY___ =
2017-06-09 01:02:59,109 INFO     ___FILE_ONLY___ =
2017-06-09 01:02:59,110 INFO     ___FILE_ONLY___ =
2017-06-09 01:02:59,112 INFO     ___FILE_ONLY___ =
2017-06-09 01:02:59,113 INFO     ___FILE_ONLY___ =
2017-06-09 01:02:59,114 INFO     ___FILE_ONLY___ =
2017-06-09 01:02:59,117 INFO     ___FILE_ONLY___ =
2017-06-09 01:02:59,117 INFO     ___FILE_ONLY___ =
2017-06-09 01:02:59,118 INFO     ___FILE_ONLY___ =
2017-06-09 01:02:59,118 INFO     ___FILE_ONLY___ =
2017-06-09 01:02:59,118 INFO     ___FILE_ONLY___ =
2017-06-09 01:02:59,119 INFO     ___FILE_ONLY___ =
2017-06-09 01:02:59,119 INFO     ___FILE_ONLY___ =
2017-06-09 01:02:59,120 INFO     ___FILE_ONLY___ =
2017-06-09 01:02:59,121 INFO     ___FILE_ONLY___ ==
2017-06-09 01:02:59,121 INFO     ___FILE_ONLY___ =
2017-06-09 01:02:59,122 INFO     ___FILE_ONLY___ =
2017-06-09 01:02:59,123 INFO     ___FILE_ONLY___ =
2017-06-09 01:02:59,124 INFO     ___FILE_ONLY___ =
2017-06-09 01:02:59,124 INFO     ___FILE_ONLY___ =
2017-06-09 01:02:59,125 INFO     ___FILE_ONLY___ =
2017-06-09 01:02:59,126 INFO     ___FILE_ONLY___ =
2017-06-09 01:02:59,152 INFO     ___FILE_ONLY___ =
2017-06-09 01:02:59,155 INFO     ___FILE_ONLY___ =
2017-06-09 01:02:59,158 INFO     ___FILE_ONLY___ =
2017-06-09 01:02:59,160 INFO     ___FILE_ONLY___ =
2017-06-09 01:02:59,161 INFO     ___FILE_ONLY___ =
2017-06-09 01:02:59,163 INFO     ___FILE_ONLY___ =
2017-06-09 01:02:59,164 INFO     ___FILE_ONLY___ =
2017-06-09 01:02:59,166 INFO     ___FILE_ONLY___ =
2017-06-09 01:02:59,169 INFO     ___FILE_ONLY___ =
2017-06-09 01:02:59,170 INFO     ___FILE_ONLY___ =
2017-06-09 01:02:59,174 INFO     ___FILE_ONLY___ =
2017-06-09 01:02:59,176 INFO     ___FILE_ONLY___ =
2017-06-09 01:02:59,177 INFO     ___FILE_ONLY___ =
2017-06-09 01:02:59,179 INFO     ___FILE_ONLY___ =
2017-06-09 01:02:59,180 INFO     ___FILE_ONLY___ =
2017-06-09 01:02:59,182 INFO     ___FILE_ONLY___ =
2017-06-09 01:02:59,183 INFO     ___FILE_ONLY___ =
2017-06-09 01:02:59,184 INFO     ___FILE_ONLY___ =
2017-06-09 01:02:59,185 INFO     ___FILE_ONLY___ =
2017-06-09 01:02:59,187 INFO     ___FILE_ONLY___ =
2017-06-09 01:02:59,189 INFO     ___FILE_ONLY___ =
2017-06-09 01:02:59,191 INFO     ___FILE_ONLY___ =
2017-06-09 01:02:59,193 INFO     ___FILE_ONLY___ =
2017-06-09 01:02:59,194 INFO     ___FILE_ONLY___ =
2017-06-09 01:02:59,197 INFO     ___FILE_ONLY___ =
2017-06-09 01:02:59,199 INFO     ___FILE_ONLY___ =
2017-06-09 01:02:59,200 INFO     ___FILE_ONLY___ =
2017-06-09 01:02:59,203 INFO     ___FILE_ONLY___ =
2017-06-09 01:02:59,205 INFO     ___FILE_ONLY___ =
2017-06-09 01:02:59,207 INFO     ___FILE_ONLY___ =
2017-06-09 01:02:59,207 INFO     ___FILE_ONLY___ #

2017-06-09 01:02:59,226 INFO     ___FILE_ONLY___ #= Installing: BigQuery Command Line Tool (Platform Spec... =#

2017-06-09 01:02:59,226 INFO     ___FILE_ONLY___ #
2017-06-09 01:02:59,354 INFO     ___FILE_ONLY___ ==============================
2017-06-09 01:02:59,355 INFO     ___FILE_ONLY___ ===============
2017-06-09 01:02:59,356 INFO     ___FILE_ONLY___ ===============
2017-06-09 01:02:59,356 INFO     ___FILE_ONLY___ #

2017-06-09 01:02:59,370 INFO     ___FILE_ONLY___ #= Installing: Cloud SDK Core Libraries (Platform Specific) =#

2017-06-09 01:02:59,370 INFO     ___FILE_ONLY___ #
2017-06-09 01:02:59,485 INFO     ___FILE_ONLY___ ==============================
2017-06-09 01:02:59,487 INFO     ___FILE_ONLY___ =======
2017-06-09 01:02:59,487 INFO     ___FILE_ONLY___ ========
2017-06-09 01:02:59,488 INFO     ___FILE_ONLY___ =======
2017-06-09 01:02:59,488 INFO     ___FILE_ONLY___ ========
2017-06-09 01:02:59,488 INFO     ___FILE_ONLY___ #

2017-06-09 01:02:59,502 INFO     ___FILE_ONLY___ #= Installing: Cloud Storage Command Line Tool              =#

2017-06-09 01:02:59,503 INFO     ___FILE_ONLY___ #
2017-06-09 01:02:59,676 INFO     ___FILE_ONLY___ =
2017-06-09 01:02:59,693 INFO     ___FILE_ONLY___ =
2017-06-09 01:02:59,702 INFO     ___FILE_ONLY___ =
2017-06-09 01:02:59,710 INFO     ___FILE_ONLY___ =
2017-06-09 01:02:59,715 INFO     ___FILE_ONLY___ =
2017-06-09 01:02:59,720 INFO     ___FILE_ONLY___ =
2017-06-09 01:02:59,723 INFO     ___FILE_ONLY___ =
2017-06-09 01:02:59,726 INFO     ___FILE_ONLY___ =
2017-06-09 01:02:59,729 INFO     ___FILE_ONLY___ =
2017-06-09 01:02:59,731 INFO     ___FILE_ONLY___ =
2017-06-09 01:02:59,733 INFO     ___FILE_ONLY___ =
2017-06-09 01:02:59,736 INFO     ___FILE_ONLY___ =
2017-06-09 01:02:59,737 INFO     ___FILE_ONLY___ =
2017-06-09 01:02:59,739 INFO     ___FILE_ONLY___ =
2017-06-09 01:02:59,740 INFO     ___FILE_ONLY___ =
2017-06-09 01:02:59,742 INFO     ___FILE_ONLY___ =
2017-06-09 01:02:59,744 INFO     ___FILE_ONLY___ =
2017-06-09 01:02:59,745 INFO     ___FILE_ONLY___ =
2017-06-09 01:02:59,746 INFO     ___FILE_ONLY___ =
2017-06-09 01:02:59,747 INFO     ___FILE_ONLY___ =
2017-06-09 01:02:59,748 INFO     ___FILE_ONLY___ =
2017-06-09 01:02:59,749 INFO     ___FILE_ONLY___ =
2017-06-09 01:02:59,750 INFO     ___FILE_ONLY___ =
2017-06-09 01:02:59,752 INFO     ___FILE_ONLY___ =
2017-06-09 01:02:59,752 INFO     ___FILE_ONLY___ =
2017-06-09 01:02:59,753 INFO     ___FILE_ONLY___ =
2017-06-09 01:02:59,754 INFO     ___FILE_ONLY___ =
2017-06-09 01:02:59,755 INFO     ___FILE_ONLY___ =
2017-06-09 01:02:59,756 INFO     ___FILE_ONLY___ =
2017-06-09 01:02:59,757 INFO     ___FILE_ONLY___ =
2017-06-09 01:02:59,968 INFO     ___FILE_ONLY___ =
2017-06-09 01:02:59,987 INFO     ___FILE_ONLY___ =
2017-06-09 01:03:00,006 INFO     ___FILE_ONLY___ =
2017-06-09 01:03:00,021 INFO     ___FILE_ONLY___ =
2017-06-09 01:03:00,034 INFO     ___FILE_ONLY___ =
2017-06-09 01:03:00,050 INFO     ___FILE_ONLY___ =
2017-06-09 01:03:00,065 INFO     ___FILE_ONLY___ =
2017-06-09 01:03:00,080 INFO     ___FILE_ONLY___ =
2017-06-09 01:03:00,095 INFO     ___FILE_ONLY___ =
2017-06-09 01:03:00,109 INFO     ___FILE_ONLY___ =
2017-06-09 01:03:00,126 INFO     ___FILE_ONLY___ =
2017-06-09 01:03:00,143 INFO     ___FILE_ONLY___ =
2017-06-09 01:03:00,160 INFO     ___FILE_ONLY___ =
2017-06-09 01:03:00,174 INFO     ___FILE_ONLY___ =
2017-06-09 01:03:00,186 INFO     ___FILE_ONLY___ =
2017-06-09 01:03:00,200 INFO     ___FILE_ONLY___ =
2017-06-09 01:03:00,212 INFO     ___FILE_ONLY___ =
2017-06-09 01:03:00,224 INFO     ___FILE_ONLY___ =
2017-06-09 01:03:00,235 INFO     ___FILE_ONLY___ =
2017-06-09 01:03:00,246 INFO     ___FILE_ONLY___ =
2017-06-09 01:03:00,259 INFO     ___FILE_ONLY___ =
2017-06-09 01:03:00,271 INFO     ___FILE_ONLY___ =
2017-06-09 01:03:00,285 INFO     ___FILE_ONLY___ =
2017-06-09 01:03:00,299 INFO     ___FILE_ONLY___ =
2017-06-09 01:03:00,311 INFO     ___FILE_ONLY___ =
2017-06-09 01:03:00,326 INFO     ___FILE_ONLY___ =
2017-06-09 01:03:00,344 INFO     ___FILE_ONLY___ =
2017-06-09 01:03:00,357 INFO     ___FILE_ONLY___ =
2017-06-09 01:03:00,372 INFO     ___FILE_ONLY___ =
2017-06-09 01:03:00,385 INFO     ___FILE_ONLY___ =
2017-06-09 01:03:00,385 INFO     ___FILE_ONLY___ #

2017-06-09 01:03:00,400 INFO     ___FILE_ONLY___ #= Installing: Cloud Storage Command Line Tool (Platform... =#

2017-06-09 01:03:00,400 INFO     ___FILE_ONLY___ #
2017-06-09 01:03:00,476 INFO     ___FILE_ONLY___ ==============================
2017-06-09 01:03:00,477 INFO     ___FILE_ONLY___ ===============
2017-06-09 01:03:00,477 INFO     ___FILE_ONLY___ ===============
2017-06-09 01:03:00,477 INFO     ___FILE_ONLY___ #

2017-06-09 01:03:00,491 INFO     ___FILE_ONLY___ #= Installing: Default set of gcloud commands               =#

2017-06-09 01:03:00,491 INFO     ___FILE_ONLY___ #
2017-06-09 01:03:00,504 INFO     ___FILE_ONLY___ ============================================================
2017-06-09 01:03:00,504 INFO     ___FILE_ONLY___ #

2017-06-09 01:03:00,508 INFO     ___FILE_ONLY___ #= Installing: gcloud-deps (Linux, x86_64)                  =#

2017-06-09 01:03:00,509 INFO     ___FILE_ONLY___ #
2017-06-09 01:03:00,684 INFO     ___FILE_ONLY___ =
2017-06-09 01:03:00,699 INFO     ___FILE_ONLY___ =
2017-06-09 01:03:00,709 INFO     ___FILE_ONLY___ =
2017-06-09 01:03:00,716 INFO     ___FILE_ONLY___ =
2017-06-09 01:03:00,721 INFO     ___FILE_ONLY___ =
2017-06-09 01:03:00,725 INFO     ___FILE_ONLY___ =
2017-06-09 01:03:00,728 INFO     ___FILE_ONLY___ =
2017-06-09 01:03:00,732 INFO     ___FILE_ONLY___ =
2017-06-09 01:03:00,734 INFO     ___FILE_ONLY___ =
2017-06-09 01:03:00,737 INFO     ___FILE_ONLY___ =
2017-06-09 01:03:00,739 INFO     ___FILE_ONLY___ =
2017-06-09 01:03:00,741 INFO     ___FILE_ONLY___ =
2017-06-09 01:03:00,743 INFO     ___FILE_ONLY___ =
2017-06-09 01:03:00,744 INFO     ___FILE_ONLY___ =
2017-06-09 01:03:00,746 INFO     ___FILE_ONLY___ =
2017-06-09 01:03:00,748 INFO     ___FILE_ONLY___ =
2017-06-09 01:03:00,749 INFO     ___FILE_ONLY___ =
2017-06-09 01:03:00,750 INFO     ___FILE_ONLY___ =
2017-06-09 01:03:00,751 INFO     ___FILE_ONLY___ =
2017-06-09 01:03:00,753 INFO     ___FILE_ONLY___ =
2017-06-09 01:03:00,754 INFO     ___FILE_ONLY___ =
2017-06-09 01:03:00,755 INFO     ___FILE_ONLY___ =
2017-06-09 01:03:00,756 INFO     ___FILE_ONLY___ =
2017-06-09 01:03:00,758 INFO     ___FILE_ONLY___ =
2017-06-09 01:03:00,758 INFO     ___FILE_ONLY___ =
2017-06-09 01:03:00,759 INFO     ___FILE_ONLY___ =
2017-06-09 01:03:00,760 INFO     ___FILE_ONLY___ =
2017-06-09 01:03:00,760 INFO     ___FILE_ONLY___ =
2017-06-09 01:03:00,761 INFO     ___FILE_ONLY___ =
2017-06-09 01:03:00,763 INFO     ___FILE_ONLY___ =
2017-06-09 01:03:00,868 INFO     ___FILE_ONLY___ =
2017-06-09 01:03:00,869 INFO     ___FILE_ONLY___ =
2017-06-09 01:03:00,869 INFO     ___FILE_ONLY___ =
2017-06-09 01:03:00,870 INFO     ___FILE_ONLY___ =
2017-06-09 01:03:00,871 INFO     ___FILE_ONLY___ =
2017-06-09 01:03:00,871 INFO     ___FILE_ONLY___ =
2017-06-09 01:03:00,872 INFO     ___FILE_ONLY___ =
2017-06-09 01:03:00,872 INFO     ___FILE_ONLY___ =
2017-06-09 01:03:00,873 INFO     ___FILE_ONLY___ =
2017-06-09 01:03:00,874 INFO     ___FILE_ONLY___ =
2017-06-09 01:03:00,874 INFO     ___FILE_ONLY___ =
2017-06-09 01:03:00,875 INFO     ___FILE_ONLY___ =
2017-06-09 01:03:00,875 INFO     ___FILE_ONLY___ =
2017-06-09 01:03:00,876 INFO     ___FILE_ONLY___ =
2017-06-09 01:03:00,876 INFO     ___FILE_ONLY___ =
2017-06-09 01:03:00,876 INFO     ___FILE_ONLY___ =
2017-06-09 01:03:00,877 INFO     ___FILE_ONLY___ =
2017-06-09 01:03:00,878 INFO     ___FILE_ONLY___ =
2017-06-09 01:03:00,878 INFO     ___FILE_ONLY___ =
2017-06-09 01:03:00,879 INFO     ___FILE_ONLY___ =
2017-06-09 01:03:00,879 INFO     ___FILE_ONLY___ =
2017-06-09 01:03:00,880 INFO     ___FILE_ONLY___ =
2017-06-09 01:03:00,881 INFO     ___FILE_ONLY___ =
2017-06-09 01:03:00,972 INFO     ___FILE_ONLY___ =
2017-06-09 01:03:00,973 INFO     ___FILE_ONLY___ =
2017-06-09 01:03:00,977 INFO     ___FILE_ONLY___ =
2017-06-09 01:03:00,977 INFO     ___FILE_ONLY___ =
2017-06-09 01:03:00,978 INFO     ___FILE_ONLY___ =
2017-06-09 01:03:00,979 INFO     ___FILE_ONLY___ =
2017-06-09 01:03:00,979 INFO     ___FILE_ONLY___ =
2017-06-09 01:03:00,979 INFO     ___FILE_ONLY___ #

2017-06-09 01:03:00,992 INFO     ___FILE_ONLY___ #= Creating backup and activating new installation          =#

2017-06-09 01:03:00,993 INFO     ___FILE_ONLY___ #
2017-06-09 01:03:00,993 DEBUG    root            Attempting to move directory [/google/google-cloud-sdk] to [/google/google-cloud-sdk.staging/.install/.backup]
2017-06-09 01:03:01,005 DEBUG    root            Retrying file system operation: <built-in function rename>, ('/google/google-cloud-sdk', '/google/google-cloud-sdk.staging/.install/.backup'), (<type 'exceptions.OSError'>, OSError(18, 'Invalid cross-device link'), <traceback object at 0x7f76a9e5a3b0>), retries_left=10
2017-06-09 01:03:01,006 DEBUG    root            Waiting for retry: [0.2]
2017-06-09 01:03:01,206 DEBUG    root            Retrying file system operation: <built-in function rename>, ('/google/google-cloud-sdk', '/google/google-cloud-sdk.staging/.install/.backup'), (<type 'exceptions.OSError'>, OSError(18, 'Invalid cross-device link'), <traceback object at 0x7f76a9e5af80>), retries_left=9
2017-06-09 01:03:01,207 DEBUG    root            Waiting for retry: [0.4]
2017-06-09 01:03:01,607 DEBUG    root            Retrying file system operation: <built-in function rename>, ('/google/google-cloud-sdk', '/google/google-cloud-sdk.staging/.install/.backup'), (<type 'exceptions.OSError'>, OSError(18, 'Invalid cross-device link'), <traceback object at 0x7f76a9e5ab90>), retries_left=8
2017-06-09 01:03:01,608 DEBUG    root            Waiting for retry: [0.6]
2017-06-09 01:03:02,208 DEBUG    root            Retrying file system operation: <built-in function rename>, ('/google/google-cloud-sdk', '/google/google-cloud-sdk.staging/.install/.backup'), (<type 'exceptions.OSError'>, OSError(18, 'Invalid cross-device link'), <traceback object at 0x7f76a9e5a560>), retries_left=7
2017-06-09 01:03:02,209 DEBUG    root            Waiting for retry: [0.8]
2017-06-09 01:03:03,010 DEBUG    root            Retrying file system operation: <built-in function rename>, ('/google/google-cloud-sdk', '/google/google-cloud-sdk.staging/.install/.backup'), (<type 'exceptions.OSError'>, OSError(18, 'Invalid cross-device link'), <traceback object at 0x7f76a9e5af80>), retries_left=6
2017-06-09 01:03:03,010 DEBUG    root            Waiting for retry: [1.0]
2017-06-09 01:03:04,012 DEBUG    root            Retrying file system operation: <built-in function rename>, ('/google/google-cloud-sdk', '/google/google-cloud-sdk.staging/.install/.backup'), (<type 'exceptions.OSError'>, OSError(18, 'Invalid cross-device link'), <traceback object at 0x7f76a9e5ab90>), retries_left=5
2017-06-09 01:03:04,012 DEBUG    root            Waiting for retry: [1.2]
2017-06-09 01:03:05,213 DEBUG    root            Retrying file system operation: <built-in function rename>, ('/google/google-cloud-sdk', '/google/google-cloud-sdk.staging/.install/.backup'), (<type 'exceptions.OSError'>, OSError(18, 'Invalid cross-device link'), <traceback object at 0x7f76a9e5a560>), retries_left=4
2017-06-09 01:03:05,213 DEBUG    root            Waiting for retry: [1.4]
2017-06-09 01:03:06,615 DEBUG    root            Retrying file system operation: <built-in function rename>, ('/google/google-cloud-sdk', '/google/google-cloud-sdk.staging/.install/.backup'), (<type 'exceptions.OSError'>, OSError(18, 'Invalid cross-device link'), <traceback object at 0x7f76a9e5af80>), retries_left=3
2017-06-09 01:03:06,615 DEBUG    root            Waiting for retry: [1.6]
2017-06-09 01:03:08,217 DEBUG    root            Retrying file system operation: <built-in function rename>, ('/google/google-cloud-sdk', '/google/google-cloud-sdk.staging/.install/.backup'), (<type 'exceptions.OSError'>, OSError(18, 'Invalid cross-device link'), <traceback object at 0x7f76a9e5ab90>), retries_left=2
2017-06-09 01:03:08,218 DEBUG    root            Waiting for retry: [1.8]
2017-06-09 01:03:10,020 DEBUG    root            Retrying file system operation: <built-in function rename>, ('/google/google-cloud-sdk', '/google/google-cloud-sdk.staging/.install/.backup'), (<type 'exceptions.OSError'>, OSError(18, 'Invalid cross-device link'), <traceback object at 0x7f76a9e5a560>), retries_left=1
2017-06-09 01:03:10,020 DEBUG    root            Waiting for retry: [2.0]
2017-06-09 01:03:12,022 DEBUG    root            Directory rename failed.  Falling back to copy. [[Errno 18] Invalid cross-device link]
2017-06-09 01:03:12,868 INFO     ___FILE_ONLY___ ==============================
2017-06-09 01:03:12,868 DEBUG    root            Attempting to move directory [/google/google-cloud-sdk.staging] to [/google/google-cloud-sdk]
2017-06-09 01:03:12,869 INFO     ___FILE_ONLY___ ==============================
2017-06-09 01:03:12,869 INFO     ___FILE_ONLY___ #

2017-06-09 01:03:12,933 DEBUG    root            Updating notification cache...
2017-06-09 01:03:12,933 INFO     ___FILE_ONLY___ 

2017-06-09 01:03:12,933 INFO     ___FILE_ONLY___ Performing post processing steps...
2017-06-09 01:03:12,933 DEBUG    root            Executing command: ['/usr/bin/python2', '-S', u'/google/google-cloud-sdk/lib/gcloud.py', u'components', u'post-process']
2017-06-09 01:03:23,602 DEBUG    ___FILE_ONLY___ 
2017-06-09 01:03:23,602 DEBUG    ___FILE_ONLY___ 
2017-06-09 01:03:23,603 INFO     ___FILE_ONLY___ 
Update done!


2017-06-09 01:03:23,605 INFO     root            Display format "none".
2017-06-09 01:03:23,785 DEBUG    root            Metrics reporting process started...
